[I 2025-10-20 07:52:56,531] Trial 0 finished with value: 0.0 and parameters: {'w_gbdt': 0.1430585978646859, 'w_lgbm': 0.829458095736772, 'w_lr': 0.33745339265573626, 'w_xgb': 0.379826927050965, 'thr': 0.54}. Best is trial 0 with value: 0.0.
[I 2025-10-20 07:52:56,532] Trial 1 finished with value: 0.0 and parameters: {'w_gbdt': 0.652801102556976, 'w_lgbm': 0.7142077790945264, 'w_lr': 0.8872724117825406, 'w_xgb': 0.3704171664023508, 'thr': 0.74}. Best is trial 0 with value: 0.0.
[I 2025-10-20 07:52:56,534] Trial 2 finished with value: 2.5 and parameters: {'w_gbdt': 0.7560290865447221, 'w_lgbm': 0.01973823305303446, 'w_lr': 0.9566935167076708, 'w_xgb': 0.8366453293361464, 'thr': 0.72}. Best is trial 2 with value: 2.5.
[I 2025-10-20 07:52:56,535] Trial 3 finished with value: 0.0 and parameters: {'w_gbdt': 0.14853977390447126, 'w_lgbm': 0.47297236911796914, 'w_lr': 0.6441659464119841, 'w_xgb': 0.06055590020026902, 'thr': 0.74}. Best is trial 2 with value: 2.5.
[I 2025-10-20 07:52:56,535] Trial 4 finished with value: 0.0 and parameters: {'w_gbdt': 0.597743839659216, 'w_lgbm': 0.8184983617172241, 'w_lr': 0.6835129915119565, 'w_xgb': 0.8339435858426882, 'thr': 0.64}. Best is trial 2 with value: 2.5.
[I 2025-10-20 07:52:56,536] Trial 5 finished with value: 2.5 and parameters: {'w_gbdt': 0.8566360879146059, 'w_lgbm': 0.2512314009163682, 'w_lr': 0.6839315752650833, 'w_xgb': 0.45142461550727964, 'thr': 0.64}. Best is trial 2 with value: 2.5.
[I 2025-10-20 07:52:56,537] Trial 6 finished with value: 2.5 and parameters: {'w_gbdt': 0.9708950271912871, 'w_lgbm': 0.1916754095136951, 'w_lr': 0.23202449241057188, 'w_xgb': 0.08873728980067264, 'thr': 0.62}. Best is trial 2 with value: 2.5.
[I 2025-10-20 07:52:56,538] Trial 7 finished with value: 0.0 and parameters: {'w_gbdt': 0.476125769170623, 'w_lgbm': 0.709147984759679, 'w_lr': 0.12237880850079919, 'w_xgb': 0.2651399636706935, 'thr': 0.74}. Best is trial 2 with value: 2.5.
[I 2025-10-20 07:52:56,538] Trial 8 finished with value: 2.5 and parameters: {'w_gbdt': 0.18878897231810077, 'w_lgbm': 0.5333835170493769, 'w_lr': 0.9589670885204616, 'w_xgb': 0.18497944636308628, 'thr': 0.58}. Best is trial 2 with value: 2.5.
[I 2025-10-20 07:52:56,539] Trial 9 finished with value: 0.0 and parameters: {'w_gbdt': 0.032466726879029406, 'w_lgbm': 0.5029962726720152, 'w_lr': 0.3772449689812455, 'w_xgb': 0.2675444937262964, 'thr': 0.56}. Best is trial 2 with value: 2.5.
[I 2025-10-20 07:52:56,551] Trial 10 finished with value: 0.0 and parameters: {'w_gbdt': 0.4344176094326613, 'w_lgbm': 0.013787892298439939, 'w_lr': 0.8470105935687944, 'w_xgb': 0.9300229398245499, 'thr': 0.8}. Best is trial 2 with value: 2.5.
[I 2025-10-20 07:52:56,562] Trial 11 finished with value: 2.5 and parameters: {'w_gbdt': 0.9040293774821628, 'w_lgbm': 0.18810318757917438, 'w_lr': 0.6708653308858346, 'w_xgb': 0.6547599536761176, 'thr': 0.6799999999999999}. Best is trial 2 with value: 2.5.
[I 2025-10-20 07:52:56,573] Trial 12 finished with value: 2.5 and parameters: {'w_gbdt': 0.7796807027104484, 'w_lgbm': 0.0028620502955191696, 'w_lr': 0.7813156249338239, 'w_xgb': 0.6065888478383925, 'thr': 0.6799999999999999}. Best is trial 2 with value: 2.5.
[I 2025-10-20 07:52:56,583] Trial 13 finished with value: 0.0 and parameters: {'w_gbdt': 0.775911465134004, 'w_lgbm': 0.257859355340826, 'w_lr': 0.4959590176069343, 'w_xgb': 0.7013584097630952, 'thr': 0.7}. Best is trial 2 with value: 2.5.
[I 2025-10-20 07:52:56,594] Trial 14 finished with value: 2.5 and parameters: {'w_gbdt': 0.8059157231725432, 'w_lgbm': 0.23802266191623284, 'w_lr': 0.5676320580902722, 'w_xgb': 0.472602139828475, 'thr': 0.5}. Best is trial 2 with value: 2.5.
[I 2025-10-20 07:52:56,605] Trial 15 finished with value: 0.0 and parameters: {'w_gbdt': 0.6165333909761618, 'w_lgbm': 0.3456206742683406, 'w_lr': 0.935482470694103, 'w_xgb': 0.7847128909235406, 'thr': 0.8}. Best is trial 2 with value: 2.5.
[I 2025-10-20 07:52:56,617] Trial 16 finished with value: 2.5 and parameters: {'w_gbdt': 0.358412010583448, 'w_lgbm': 0.09321165041563549, 'w_lr': 0.779456147883766, 'w_xgb': 0.9799684290980246, 'thr': 0.6}. Best is trial 2 with value: 2.5.
[I 2025-10-20 07:52:56,628] Trial 17 finished with value: 2.5 and parameters: {'w_gbdt': 0.9128212661495299, 'w_lgbm': 0.3708734218980343, 'w_lr': 0.9982367657706174, 'w_xgb': 0.5325373029752165, 'thr': 0.66}. Best is trial 2 with value: 2.5.
[I 2025-10-20 07:52:56,639] Trial 18 finished with value: 2.5 and parameters: {'w_gbdt': 0.7067253712908236, 'w_lgbm': 0.11798655779823, 'w_lr': 0.48132367113118385, 'w_xgb': 0.49262320189448555, 'thr': 0.72}. Best is trial 2 with value: 2.5.
[I 2025-10-20 07:52:56,650] Trial 19 finished with value: 0.0 and parameters: {'w_gbdt': 0.9938990471081978, 'w_lgbm': 0.33509777124842083, 'w_lr': 0.7685346453385158, 'w_xgb': 0.8047373347030471, 'thr': 0.78}. Best is trial 2 with value: 2.5.
[I 2025-10-20 07:52:56,661] Trial 20 finished with value: 0.0 and parameters: {'w_gbdt': 0.8391047754105917, 'w_lgbm': 0.9569863880606274, 'w_lr': 0.0162353934090666, 'w_xgb': 0.578084623500911, 'thr': 0.62}. Best is trial 2 with value: 2.5.
[I 2025-10-20 07:52:56,673] Trial 21 finished with value: 2.5 and parameters: {'w_gbdt': 0.9681641606334411, 'w_lgbm': 0.11503932106846798, 'w_lr': 0.17347983105565534, 'w_xgb': 0.07446338766393043, 'thr': 0.64}. Best is trial 2 with value: 2.5.
[I 2025-10-20 07:52:56,685] Trial 22 finished with value: 2.5 and parameters: {'w_gbdt': 0.8814865076172925, 'w_lgbm': 0.1650689780269814, 'w_lr': 0.2834114659237227, 'w_xgb': 0.012687155123733473, 'thr': 0.62}. Best is trial 2 with value: 2.5.
[I 2025-10-20 07:52:56,697] Trial 23 finished with value: 2.5 and parameters: {'w_gbdt': 0.7241677513726774, 'w_lgbm': 0.2842191292259666, 'w_lr': 0.23455751171897754, 'w_xgb': 0.1501788952158063, 'thr': 0.66}. Best is trial 2 with value: 2.5.
[I 2025-10-20 07:52:56,710] Trial 24 finished with value: 2.5 and parameters: {'w_gbdt': 0.9927884646149253, 'w_lgbm': 0.43277840905051473, 'w_lr': 0.39408740372882184, 'w_xgb': 0.3798910617015373, 'thr': 0.6}. Best is trial 2 with value: 2.5.
[I 2025-10-20 07:52:56,724] Trial 25 finished with value: 2.5 and parameters: {'w_gbdt': 0.5624663632085165, 'w_lgbm': 0.060808898905147284, 'w_lr': 0.548884934072986, 'w_xgb': 0.7229667113400693, 'thr': 0.7}. Best is trial 2 with value: 2.5.
[I 2025-10-20 07:52:56,735] Trial 26 finished with value: 2.5 and parameters: {'w_gbdt': 0.7110230616397487, 'w_lgbm': 0.1789429439846831, 'w_lr': 0.05978106913231068, 'w_xgb': 0.883676444409805, 'thr': 0.56}. Best is trial 2 with value: 2.5.
[I 2025-10-20 07:52:56,748] Trial 27 finished with value: 0.0 and parameters: {'w_gbdt': 0.8444955341412153, 'w_lgbm': 0.5752901325887133, 'w_lr': 0.842328500453704, 'w_xgb': 0.28464589174323357, 'thr': 0.76}. Best is trial 2 with value: 2.5.
[I 2025-10-20 07:52:56,762] Trial 28 finished with value: 2.5 and parameters: {'w_gbdt': 0.9297676813201581, 'w_lgbm': 0.23120534220389047, 'w_lr': 0.6163172854568133, 'w_xgb': 0.16851615719459612, 'thr': 0.7}. Best is trial 2 with value: 2.5.
[I 2025-10-20 07:52:56,776] Trial 29 finished with value: 2.5 and parameters: {'w_gbdt': 0.30658836617019963, 'w_lgbm': 0.3965749955562971, 'w_lr': 0.2995409802191584, 'w_xgb': 0.38680864513150365, 'thr': 0.54}. Best is trial 2 with value: 2.5.
[I 2025-10-20 07:52:56,791] Trial 30 finished with value: 2.5 and parameters: {'w_gbdt': 0.5334075236947792, 'w_lgbm': 0.06536776991525142, 'w_lr': 0.41751467167133754, 'w_xgb': 0.44266274923809196, 'thr': 0.5}. Best is trial 2 with value: 2.5.
[I 2025-10-20 07:52:56,806] Trial 31 finished with value: 2.5 and parameters: {'w_gbdt': 0.1963938732641583, 'w_lgbm': 0.5796723668435165, 'w_lr': 0.9459208011856054, 'w_xgb': 0.17078785400122617, 'thr': 0.58}. Best is trial 2 with value: 2.5.
[I 2025-10-20 07:52:56,818] Trial 32 finished with value: 2.5 and parameters: {'w_gbdt': 0.3263793807494263, 'w_lgbm': 0.5913553622127343, 'w_lr': 0.9954773266159246, 'w_xgb': 0.12420157487160355, 'thr': 0.62}. Best is trial 2 with value: 2.5.
[I 2025-10-20 07:52:56,831] Trial 33 finished with value: 2.5 and parameters: {'w_gbdt': 0.0474470623868698, 'w_lgbm': 0.66699082471445, 'w_lr': 0.890737637401501, 'w_xgb': 0.22568714852642335, 'thr': 0.58}. Best is trial 2 with value: 2.5.
[I 2025-10-20 07:52:56,846] Trial 34 finished with value: 2.5 and parameters: {'w_gbdt': 0.6525680620021549, 'w_lgbm': 0.49576909755568527, 'w_lr': 0.7491198715796396, 'w_xgb': 0.3356481013716197, 'thr': 0.54}. Best is trial 2 with value: 2.5.
[I 2025-10-20 07:52:56,859] Trial 35 finished with value: 2.5 and parameters: {'w_gbdt': 0.226640923353176, 'w_lgbm': 0.2847028968691732, 'w_lr': 0.7285107911444278, 'w_xgb': 0.09464553441114776, 'thr': 0.6}. Best is trial 2 with value: 2.5.
[I 2025-10-20 07:52:56,873] Trial 36 finished with value: 2.5 and parameters: {'w_gbdt': 0.42535944960359895, 'w_lgbm': 0.8546699753726827, 'w_lr': 0.8444793085514691, 'w_xgb': 0.00939715221140805, 'thr': 0.66}. Best is trial 2 with value: 2.5.
[I 2025-10-20 07:52:56,886] Trial 37 finished with value: 2.5 and parameters: {'w_gbdt': 0.8389909744279851, 'w_lgbm': 0.44919076843795813, 'w_lr': 0.921507105289529, 'w_xgb': 0.2250450932498985, 'thr': 0.64}. Best is trial 2 with value: 2.5.
[I 2025-10-20 07:52:56,900] Trial 38 finished with value: 2.5 and parameters: {'w_gbdt': 0.09564947250037348, 'w_lgbm': 0.5352373557268502, 'w_lr': 0.7044774967717713, 'w_xgb': 0.3060367558991987, 'thr': 0.58}. Best is trial 2 with value: 2.5.
[I 2025-10-20 07:52:56,913] Trial 39 finished with value: 2.5 and parameters: {'w_gbdt': 0.7686004709384697, 'w_lgbm': 0.649981561706976, 'w_lr': 0.6290974442569699, 'w_xgb': 0.4199374897784758, 'thr': 0.6799999999999999}. Best is trial 2 with value: 2.5.
[I 2025-10-20 07:52:56,928] Trial 40 finished with value: 2.5 and parameters: {'w_gbdt': 0.9516369663894013, 'w_lgbm': 0.15537621992525702, 'w_lr': 0.45480639608443246, 'w_xgb': 0.2262218060578106, 'thr': 0.72}. Best is trial 2 with value: 2.5.
[I 2025-10-20 07:52:56,943] Trial 41 finished with value: 2.5 and parameters: {'w_gbdt': 0.9003546089101083, 'w_lgbm': 0.02785507595211703, 'w_lr': 0.5626103322417471, 'w_xgb': 0.6604692403294926, 'thr': 0.6799999999999999}. Best is trial 2 with value: 2.5.
[I 2025-10-20 07:52:56,957] Trial 42 finished with value: 2.5 and parameters: {'w_gbdt': 0.8669418726721989, 'w_lgbm': 0.20392125501614533, 'w_lr': 0.661763555213097, 'w_xgb': 0.6489218817001551, 'thr': 0.72}. Best is trial 2 with value: 2.5.
[I 2025-10-20 07:52:56,972] Trial 43 finished with value: 2.5 and parameters: {'w_gbdt': 0.8046134270871683, 'w_lgbm': 0.3208601681802281, 'w_lr': 0.8170105933350118, 'w_xgb': 0.8908867787199402, 'thr': 0.64}. Best is trial 2 with value: 2.5.
[I 2025-10-20 07:52:56,988] Trial 44 finished with value: 2.5 and parameters: {'w_gbdt': 0.9504922879646528, 'w_lgbm': 0.14056415302484954, 'w_lr': 0.8882812626342164, 'w_xgb': 0.7638076439099004, 'thr': 0.74}. Best is trial 2 with value: 2.5.
[I 2025-10-20 07:52:57,002] Trial 45 finished with value: 2.5 and parameters: {'w_gbdt': 0.7454369246764905, 'w_lgbm': 0.2018953882035614, 'w_lr': 0.9577668867159624, 'w_xgb': 0.5625802415033055, 'thr': 0.6799999999999999}. Best is trial 2 with value: 2.5.
[I 2025-10-20 07:52:57,017] Trial 46 finished with value: 0.0 and parameters: {'w_gbdt': 0.46967303493013635, 'w_lgbm': 0.39845296276800546, 'w_lr': 0.8093341892389472, 'w_xgb': 0.7339970350165572, 'thr': 0.76}. Best is trial 2 with value: 2.5.
[I 2025-10-20 07:52:57,031] Trial 47 finished with value: 2.5 and parameters: {'w_gbdt': 0.6565283749152118, 'w_lgbm': 0.0021332480793624167, 'w_lr': 0.6921837670669133, 'w_xgb': 0.9713370888920935, 'thr': 0.62}. Best is trial 2 with value: 2.5.
[I 2025-10-20 07:52:57,046] Trial 48 finished with value: 2.5 and parameters: {'w_gbdt': 0.8976444388361267, 'w_lgbm': 0.08291333641609444, 'w_lr': 0.5263871713211332, 'w_xgb': 0.633675540441907, 'thr': 0.66}. Best is trial 2 with value: 2.5.
[I 2025-10-20 07:52:57,060] Trial 49 finished with value: 2.5 and parameters: {'w_gbdt': 0.800662120744793, 'w_lgbm': 0.7712625261344015, 'w_lr': 0.5952113585654935, 'w_xgb': 0.858082812144617, 'thr': 0.6}. Best is trial 2 with value: 2.5.
[I 2025-10-20 07:52:57,074] Trial 50 finished with value: 0.0 and parameters: {'w_gbdt': 0.8521223761980246, 'w_lgbm': 0.2976715874329649, 'w_lr': 0.34277006973409824, 'w_xgb': 0.8222440303745051, 'thr': 0.7}. Best is trial 2 with value: 2.5.
[I 2025-10-20 07:52:57,087] Trial 51 finished with value: 2.5 and parameters: {'w_gbdt': 0.6436003912667688, 'w_lgbm': 0.04097506261139642, 'w_lr': 0.8822549026281438, 'w_xgb': 0.5434430438645474, 'thr': 0.6799999999999999}. Best is trial 2 with value: 2.5.
[I 2025-10-20 07:52:57,101] Trial 52 finished with value: 2.5 and parameters: {'w_gbdt': 0.6890976125545434, 'w_lgbm': 0.10375489891135264, 'w_lr': 0.7924831562796575, 'w_xgb': 0.5915474459278468, 'thr': 0.64}. Best is trial 2 with value: 2.5.
[I 2025-10-20 07:52:57,115] Trial 53 finished with value: 2.5 and parameters: {'w_gbdt': 0.7710145017662139, 'w_lgbm': 0.006731196767583103, 'w_lr': 0.6605935519080007, 'w_xgb': 0.5139808347952382, 'thr': 0.66}. Best is trial 2 with value: 2.5.
[I 2025-10-20 07:52:57,130] Trial 54 finished with value: 0.0 and parameters: {'w_gbdt': 0.592064248043151, 'w_lgbm': 0.25595581310056925, 'w_lr': 0.7473420916911369, 'w_xgb': 0.609459191367051, 'thr': 0.74}. Best is trial 2 with value: 2.5.
[I 2025-10-20 07:52:57,146] Trial 55 finished with value: 0.0 and parameters: {'w_gbdt': 0.9230646702072871, 'w_lgbm': 0.12254786145188473, 'w_lr': 0.2060782647908459, 'w_xgb': 0.6833041359670728, 'thr': 0.72}. Best is trial 2 with value: 2.5.
[I 2025-10-20 07:52:57,160] Trial 56 finished with value: 2.5 and parameters: {'w_gbdt': 0.9693240435439738, 'w_lgbm': 0.0708756455082892, 'w_lr': 0.9654199779699133, 'w_xgb': 0.04830798993314546, 'thr': 0.62}. Best is trial 2 with value: 2.5.
[I 2025-10-20 07:52:57,176] Trial 57 finished with value: 2.5 and parameters: {'w_gbdt': 0.9938159696013804, 'w_lgbm': 0.21518203090675328, 'w_lr': 0.9053837924910915, 'w_xgb': 0.46063389554063816, 'thr': 0.7}. Best is trial 2 with value: 2.5.
[I 2025-10-20 07:52:57,192] Trial 58 finished with value: 2.5 and parameters: {'w_gbdt': 0.8091278839365539, 'w_lgbm': 0.3597976599517121, 'w_lr': 0.08160127315037682, 'w_xgb': 0.749512034452478, 'thr': 0.56}. Best is trial 2 with value: 2.5.
