[I 2025-10-20 07:59:00,794] Trial 0 finished with value: 0.9852941176470589 and parameters: {'w_gbdt': 0.8536194269001023, 'w_lgbm': 0.695283355666504, 'w_lr': 0.0873702323437614, 'w_xgb': 0.24092069139818095, 'thr': 0.7}. Best is trial 0 with value: 0.9852941176470589.
[I 2025-10-20 07:59:00,795] Trial 1 finished with value: 0.7096774193548387 and parameters: {'w_gbdt': 0.25549593523632663, 'w_lgbm': 0.542663036795489, 'w_lr': 0.12001545209950015, 'w_xgb': 0.42587422934178776, 'thr': 0.8}. Best is trial 0 with value: 0.9852941176470589.
[I 2025-10-20 07:59:00,796] Trial 2 finished with value: 0.8870967741935484 and parameters: {'w_gbdt': 0.6723364036424834, 'w_lgbm': 0.7929041038259337, 'w_lr': 0.6205174347640179, 'w_xgb': 0.3412198418675173, 'thr': 0.6799999999999999}. Best is trial 0 with value: 0.9852941176470589.
[I 2025-10-20 07:59:00,798] Trial 3 finished with value: 0.8651685393258427 and parameters: {'w_gbdt': 0.12719809111204694, 'w_lgbm': 0.9798207093505594, 'w_lr': 0.27395730503347104, 'w_xgb': 0.8626624725912283, 'thr': 0.6799999999999999}. Best is trial 0 with value: 0.9852941176470589.
[I 2025-10-20 07:59:00,799] Trial 4 finished with value: 0.75 and parameters: {'w_gbdt': 0.35234335545622997, 'w_lgbm': 0.6461317157942362, 'w_lr': 0.11132880445392679, 'w_xgb': 0.815447942336527, 'thr': 0.78}. Best is trial 0 with value: 0.9852941176470589.
[I 2025-10-20 07:59:00,800] Trial 5 finished with value: 0.5384615384615384 and parameters: {'w_gbdt': 0.2950087518372646, 'w_lgbm': 0.6951295728377678, 'w_lr': 0.6860340666936706, 'w_xgb': 0.28015226699664897, 'thr': 0.78}. Best is trial 0 with value: 0.9852941176470589.
[I 2025-10-20 07:59:00,801] Trial 6 finished with value: 1.158273381294964 and parameters: {'w_gbdt': 0.7673782343163822, 'w_lgbm': 0.9495034699204657, 'w_lr': 0.36883359449617137, 'w_xgb': 0.714325263387415, 'thr': 0.56}. Best is trial 6 with value: 1.158273381294964.
[I 2025-10-20 07:59:00,803] Trial 7 finished with value: 1.112781954887218 and parameters: {'w_gbdt': 0.6994750244771668, 'w_lgbm': 0.3424154862114248, 'w_lr': 0.5816846977042932, 'w_xgb': 0.8279474280975758, 'thr': 0.56}. Best is trial 6 with value: 1.158273381294964.
[I 2025-10-20 07:59:00,804] Trial 8 finished with value: 0.8955223880597015 and parameters: {'w_gbdt': 0.7170506869286738, 'w_lgbm': 0.7152234917119099, 'w_lr': 0.8127989303586213, 'w_xgb': 0.5569745680507838, 'thr': 0.66}. Best is trial 6 with value: 1.158273381294964.
[I 2025-10-20 07:59:00,805] Trial 9 finished with value: 1.1304347826086956 and parameters: {'w_gbdt': 0.5225396253938351, 'w_lgbm': 0.7114390396385443, 'w_lr': 0.29865597625034424, 'w_xgb': 0.4983435042098242, 'thr': 0.6}. Best is trial 6 with value: 1.158273381294964.
[I 2025-10-20 07:59:00,822] Trial 10 finished with value: 1.1011904761904763 and parameters: {'w_gbdt': 0.9748756905373552, 'w_lgbm': 0.032523859129245214, 'w_lr': 0.40480791510533776, 'w_xgb': 0.6728547395699365, 'thr': 0.5}. Best is trial 6 with value: 1.158273381294964.
[I 2025-10-20 07:59:00,838] Trial 11 finished with value: 1.1153846153846154 and parameters: {'w_gbdt': 0.4749513257520388, 'w_lgbm': 0.9987139519703367, 'w_lr': 0.3752689310969607, 'w_xgb': 0.027335374163553416, 'thr': 0.58}. Best is trial 6 with value: 1.158273381294964.
[I 2025-10-20 07:59:00,854] Trial 12 finished with value: 1.146551724137931 and parameters: {'w_gbdt': 0.5470216617961566, 'w_lgbm': 0.8669359011046355, 'w_lr': 0.32769352621871867, 'w_xgb': 0.6415076230571732, 'thr': 0.6}. Best is trial 6 with value: 1.158273381294964.
[I 2025-10-20 07:59:00,869] Trial 13 finished with value: 1.0862068965517242 and parameters: {'w_gbdt': 0.5358030283627538, 'w_lgbm': 0.8686021642913621, 'w_lr': 0.4784433339870961, 'w_xgb': 0.6643229249869472, 'thr': 0.52}. Best is trial 6 with value: 1.158273381294964.
[I 2025-10-20 07:59:00,885] Trial 14 finished with value: 0.9642857142857143 and parameters: {'w_gbdt': 0.8354177644345615, 'w_lgbm': 0.31272009196958694, 'w_lr': 0.9767364394619555, 'w_xgb': 0.9917837821657802, 'thr': 0.62}. Best is trial 6 with value: 1.158273381294964.
[I 2025-10-20 07:59:00,901] Trial 15 finished with value: 1.1012658227848102 and parameters: {'w_gbdt': 0.6362640230151544, 'w_lgbm': 0.8705404370486, 'w_lr': 0.23315275090425852, 'w_xgb': 0.6549514335512592, 'thr': 0.54}. Best is trial 6 with value: 1.158273381294964.
[I 2025-10-20 07:59:00,917] Trial 16 finished with value: 1.0319148936170213 and parameters: {'w_gbdt': 0.9991922970210154, 'w_lgbm': 0.44576241976664044, 'w_lr': 0.4756079807422094, 'w_xgb': 0.7423882461636608, 'thr': 0.62}. Best is trial 6 with value: 1.158273381294964.
[I 2025-10-20 07:59:00,933] Trial 17 finished with value: 0.7358490566037735 and parameters: {'w_gbdt': 0.8274390456790718, 'w_lgbm': 0.8813538035081316, 'w_lr': 0.19733126024412723, 'w_xgb': 0.9284021866387638, 'thr': 0.74}. Best is trial 6 with value: 1.158273381294964.
[I 2025-10-20 07:59:00,949] Trial 18 finished with value: 1.1153846153846154 and parameters: {'w_gbdt': 0.41541663482138846, 'w_lgbm': 0.09079733722988281, 'w_lr': 0.37566796292506943, 'w_xgb': 0.5590867905261534, 'thr': 0.56}. Best is trial 6 with value: 1.158273381294964.
[I 2025-10-20 07:59:00,964] Trial 19 finished with value: 1.0 and parameters: {'w_gbdt': 0.5918849901879573, 'w_lgbm': 0.5465843766329928, 'w_lr': 0.7333932749044534, 'w_xgb': 0.13103038664390632, 'thr': 0.62}. Best is trial 6 with value: 1.158273381294964.
[I 2025-10-20 07:59:00,980] Trial 20 finished with value: 1.0307692307692307 and parameters: {'w_gbdt': 0.00122119454250319, 'w_lgbm': 0.9247326977804715, 'w_lr': 0.5337466961047223, 'w_xgb': 0.45092759640005864, 'thr': 0.5}. Best is trial 6 with value: 1.158273381294964.
[I 2025-10-20 07:59:00,997] Trial 21 finished with value: 1.1271186440677967 and parameters: {'w_gbdt': 0.5460950095320621, 'w_lgbm': 0.8036043497830212, 'w_lr': 0.30299136113995473, 'w_xgb': 0.5523033461838049, 'thr': 0.6}. Best is trial 6 with value: 1.158273381294964.
[I 2025-10-20 07:59:01,013] Trial 22 finished with value: 1.1729323308270676 and parameters: {'w_gbdt': 0.4445232268803614, 'w_lgbm': 0.7891267056461635, 'w_lr': 0.01710203610707478, 'w_xgb': 0.7235113084543716, 'thr': 0.58}. Best is trial 22 with value: 1.1729323308270676.
[I 2025-10-20 07:59:01,029] Trial 23 finished with value: 1.1360544217687074 and parameters: {'w_gbdt': 0.4485459001912717, 'w_lgbm': 0.8044157192800117, 'w_lr': 0.05222512431381234, 'w_xgb': 0.7242311603949243, 'thr': 0.56}. Best is trial 22 with value: 1.1729323308270676.
[I 2025-10-20 07:59:01,046] Trial 24 finished with value: 1.00990099009901 and parameters: {'w_gbdt': 0.7620295630772542, 'w_lgbm': 0.610477991044841, 'w_lr': 0.0109570987219339, 'w_xgb': 0.775327891211149, 'thr': 0.64}. Best is trial 22 with value: 1.1729323308270676.
[I 2025-10-20 07:59:01,063] Trial 25 finished with value: 1.1567164179104477 and parameters: {'w_gbdt': 0.37039410887814495, 'w_lgbm': 0.9393742596570738, 'w_lr': 0.13198492428089445, 'w_xgb': 0.6204324391035734, 'thr': 0.58}. Best is trial 22 with value: 1.1729323308270676.
[I 2025-10-20 07:59:01,079] Trial 26 finished with value: 1.0869565217391304 and parameters: {'w_gbdt': 0.2524140143046058, 'w_lgbm': 0.9458167130067953, 'w_lr': 0.16912156851461732, 'w_xgb': 0.9166856674971197, 'thr': 0.54}. Best is trial 22 with value: 1.1729323308270676.
[I 2025-10-20 07:59:01,094] Trial 27 finished with value: 1.1481481481481481 and parameters: {'w_gbdt': 0.3710560547889602, 'w_lgbm': 0.7791698141866925, 'w_lr': 0.01855620410812247, 'w_xgb': 0.6024673083220601, 'thr': 0.58}. Best is trial 22 with value: 1.1729323308270676.
[I 2025-10-20 07:59:01,111] Trial 28 finished with value: 1.0508474576271187 and parameters: {'w_gbdt': 0.30924703527738706, 'w_lgbm': 0.9322204054756147, 'w_lr': 0.17286699573732395, 'w_xgb': 0.7239631172137962, 'thr': 0.52}. Best is trial 22 with value: 1.1729323308270676.
[I 2025-10-20 07:59:01,127] Trial 29 finished with value: 1.161764705882353 and parameters: {'w_gbdt': 0.1731452645427679, 'w_lgbm': 0.992436355200015, 'w_lr': 0.12783262115764693, 'w_xgb': 0.36513321074211935, 'thr': 0.58}. Best is trial 22 with value: 1.1729323308270676.
[I 2025-10-20 07:59:01,144] Trial 30 finished with value: 0.7831325301204819 and parameters: {'w_gbdt': 0.15943804466868203, 'w_lgbm': 0.9988644068722202, 'w_lr': 0.06881857021866439, 'w_xgb': 0.40671618523798897, 'thr': 0.72}. Best is trial 22 with value: 1.1729323308270676.
[I 2025-10-20 07:59:01,161] Trial 31 finished with value: 1.144927536231884 and parameters: {'w_gbdt': 0.14404632027680658, 'w_lgbm': 0.9185787519860205, 'w_lr': 0.12967200102729967, 'w_xgb': 0.23477221607130028, 'thr': 0.58}. Best is trial 22 with value: 1.1729323308270676.
[I 2025-10-20 07:59:01,177] Trial 32 finished with value: 1.0538922155688624 and parameters: {'w_gbdt': 0.21205358606244434, 'w_lgbm': 0.8377094339004962, 'w_lr': 0.09602958378616588, 'w_xgb': 0.3808874335410243, 'thr': 0.54}. Best is trial 22 with value: 1.1729323308270676.
[I 2025-10-20 07:59:01,194] Trial 33 finished with value: 0.9504950495049505 and parameters: {'w_gbdt': 0.3913258331883977, 'w_lgbm': 0.7338420504405989, 'w_lr': 0.22338162624940183, 'w_xgb': 0.4771883063057623, 'thr': 0.64}. Best is trial 22 with value: 1.1729323308270676.
[I 2025-10-20 07:59:01,210] Trial 34 finished with value: 1.1521739130434783 and parameters: {'w_gbdt': 0.04265552729085184, 'w_lgbm': 0.905670149437728, 'w_lr': 0.14473552054314898, 'w_xgb': 0.2619343004484169, 'thr': 0.58}. Best is trial 22 with value: 1.1729323308270676.
[I 2025-10-20 07:59:01,226] Trial 35 finished with value: 1.0 and parameters: {'w_gbdt': 0.9336379595164837, 'w_lgbm': 0.9608376803600784, 'w_lr': 0.007380201628403575, 'w_xgb': 0.6046082076767388, 'thr': 0.66}. Best is trial 22 with value: 1.1729323308270676.
[I 2025-10-20 07:59:01,243] Trial 36 finished with value: 1.0108108108108107 and parameters: {'w_gbdt': 0.07163533267782751, 'w_lgbm': 0.7632665409462028, 'w_lr': 0.24804878737341612, 'w_xgb': 0.3134358258732495, 'thr': 0.52}. Best is trial 22 with value: 1.1729323308270676.
[I 2025-10-20 07:59:01,260] Trial 37 finished with value: 1.1006711409395973 and parameters: {'w_gbdt': 0.31107452932588153, 'w_lgbm': 0.6395716921189322, 'w_lr': 0.07256070493588013, 'w_xgb': 0.19736116412977767, 'thr': 0.56}. Best is trial 22 with value: 1.1729323308270676.
[I 2025-10-20 07:59:01,276] Trial 38 finished with value: 0.8641975308641975 and parameters: {'w_gbdt': 0.21991120475286197, 'w_lgbm': 0.826676027712912, 'w_lr': 0.413232587074216, 'w_xgb': 0.8100357927071445, 'thr': 0.6799999999999999}. Best is trial 22 with value: 1.1729323308270676.
[I 2025-10-20 07:59:01,293] Trial 39 finished with value: 1.098360655737705 and parameters: {'w_gbdt': 0.636661378570103, 'w_lgbm': 0.9728661526908591, 'w_lr': 0.1632852671496643, 'w_xgb': 0.8705394086684239, 'thr': 0.6}. Best is trial 22 with value: 1.1729323308270676.
[I 2025-10-20 07:59:01,317] Trial 40 finished with value: 1.1372549019607843 and parameters: {'w_gbdt': 0.438574276479471, 'w_lgbm': 0.45767243710703004, 'w_lr': 0.09440746727742355, 'w_xgb': 0.53677097472572, 'thr': 0.54}. Best is trial 22 with value: 1.1729323308270676.
[I 2025-10-20 07:59:01,336] Trial 41 finished with value: 1.1555555555555554 and parameters: {'w_gbdt': 0.12402007664102682, 'w_lgbm': 0.9158785404764684, 'w_lr': 0.13010179831222862, 'w_xgb': 0.3582031037620933, 'thr': 0.58}. Best is trial 22 with value: 1.1729323308270676.
[I 2025-10-20 07:59:01,354] Trial 42 finished with value: 1.0794701986754967 and parameters: {'w_gbdt': 0.17766801088685263, 'w_lgbm': 0.9052523668153531, 'w_lr': 0.2794259781214372, 'w_xgb': 0.364016683784441, 'thr': 0.56}. Best is trial 22 with value: 1.1729323308270676.
[I 2025-10-20 07:59:01,372] Trial 43 finished with value: 1.162962962962963 and parameters: {'w_gbdt': 0.09736037975064367, 'w_lgbm': 0.8450014867356818, 'w_lr': 0.11996096164977803, 'w_xgb': 0.42333029563212204, 'thr': 0.58}. Best is trial 22 with value: 1.1729323308270676.
[I 2025-10-20 07:59:01,390] Trial 44 finished with value: 1.1842105263157894 and parameters: {'w_gbdt': 0.09596448655632, 'w_lgbm': 0.6669001808916477, 'w_lr': 0.057308111354943306, 'w_xgb': 0.44622889751061773, 'thr': 0.62}. Best is trial 44 with value: 1.1842105263157894.
[I 2025-10-20 07:59:01,408] Trial 45 finished with value: 1.173913043478261 and parameters: {'w_gbdt': 0.08835949010645404, 'w_lgbm': 0.6916939300640366, 'w_lr': 0.04928409936809014, 'w_xgb': 0.4156314290045137, 'thr': 0.62}. Best is trial 44 with value: 1.1842105263157894.
[I 2025-10-20 07:59:01,426] Trial 46 finished with value: 1.1842105263157894 and parameters: {'w_gbdt': 0.07523251505048853, 'w_lgbm': 0.667463032233722, 'w_lr': 0.061747368635042946, 'w_xgb': 0.4459544141909427, 'thr': 0.62}. Best is trial 44 with value: 1.1842105263157894.
[I 2025-10-20 07:59:01,445] Trial 47 finished with value: 1.1844660194174756 and parameters: {'w_gbdt': 0.09503881124419866, 'w_lgbm': 0.6729560619597417, 'w_lr': 0.04748532789266807, 'w_xgb': 0.44764625144175674, 'thr': 0.64}. Best is trial 47 with value: 1.1844660194174756.
[I 2025-10-20 07:59:01,463] Trial 48 finished with value: 1.0714285714285714 and parameters: {'w_gbdt': 0.0023162158190739163, 'w_lgbm': 0.5754038318083492, 'w_lr': 0.05283363357156579, 'w_xgb': 0.5017673008731462, 'thr': 0.66}. Best is trial 47 with value: 1.1844660194174756.
[I 2025-10-20 07:59:01,481] Trial 49 finished with value: 1.0106382978723405 and parameters: {'w_gbdt': 0.06923781964563813, 'w_lgbm': 0.6685891141368628, 'w_lr': 0.03803159528175143, 'w_xgb': 0.3211279064362106, 'thr': 0.6799999999999999}. Best is trial 47 with value: 1.1844660194174756.
[I 2025-10-20 07:59:01,500] Trial 50 finished with value: 1.06 and parameters: {'w_gbdt': 0.1131321054046509, 'w_lgbm': 0.6829994331284955, 'w_lr': 0.20004858025858935, 'w_xgb': 0.4591525328404063, 'thr': 0.64}. Best is trial 47 with value: 1.1844660194174756.
[I 2025-10-20 07:59:01,519] Trial 51 finished with value: 1.1810344827586208 and parameters: {'w_gbdt': 0.08640855230220841, 'w_lgbm': 0.7234406660505818, 'w_lr': 0.008389487987868592, 'w_xgb': 0.41610909420514086, 'thr': 0.62}. Best is trial 47 with value: 1.1844660194174756.
[I 2025-10-20 07:59:01,537] Trial 52 finished with value: 1.135135135135135 and parameters: {'w_gbdt': 0.24245240905389498, 'w_lgbm': 0.7405892372893057, 'w_lr': 0.06926812149583858, 'w_xgb': 0.5118506449775535, 'thr': 0.62}. Best is trial 47 with value: 1.1844660194174756.
[I 2025-10-20 07:59:01,554] Trial 53 finished with value: 1.1596638655462186 and parameters: {'w_gbdt': 0.029558483433191944, 'w_lgbm': 0.6119821704346634, 'w_lr': 0.0017878239422736697, 'w_xgb': 0.4160217657195477, 'thr': 0.62}. Best is trial 47 with value: 1.1844660194174756.
[I 2025-10-20 07:59:01,572] Trial 54 finished with value: 1.1372549019607843 and parameters: {'w_gbdt': 0.07649924298479269, 'w_lgbm': 0.4928433125245777, 'w_lr': 0.04497427919673362, 'w_xgb': 0.4554621400317269, 'thr': 0.64}. Best is trial 47 with value: 1.1844660194174756.
[I 2025-10-20 07:59:01,590] Trial 55 finished with value: 1.0625 and parameters: {'w_gbdt': 0.19982460142259081, 'w_lgbm': 0.71759377412508, 'w_lr': 0.976077429502426, 'w_xgb': 0.32054247749798126, 'thr': 0.6}. Best is trial 47 with value: 1.1844660194174756.
[I 2025-10-20 07:59:01,607] Trial 56 finished with value: 1.1181818181818182 and parameters: {'w_gbdt': 0.27884162762301723, 'w_lgbm': 0.6559954833566081, 'w_lr': 0.08810833835695568, 'w_xgb': 0.3908643923656109, 'thr': 0.62}. Best is trial 47 with value: 1.1844660194174756.
[I 2025-10-20 07:59:01,626] Trial 57 finished with value: 1.0625 and parameters: {'w_gbdt': 0.04033446178214737, 'w_lgbm': 0.5476702188483267, 'w_lr': 0.03546627653802717, 'w_xgb': 0.5832192506023107, 'thr': 0.66}. Best is trial 47 with value: 1.1844660194174756.
[I 2025-10-20 07:59:01,645] Trial 58 finished with value: 0.8604651162790697 and parameters: {'w_gbdt': 0.13128678766402407, 'w_lgbm': 0.6298250636246884, 'w_lr': 0.0025118762923375722, 'w_xgb': 0.5227466538379509, 'thr': 0.7}. Best is trial 47 with value: 1.1844660194174756.
