[I 2025-10-20 07:57:32,221] Trial 0 finished with value: 0.868421052631579 and parameters: {'w_gbdt': 0.709416257295223, 'w_lgbm': 0.7003510491667151, 'w_lr': 0.30594572361262873, 'w_xgb': 0.7272066917499145, 'thr': 0.62}. Best is trial 0 with value: 0.868421052631579.
[I 2025-10-20 07:57:32,223] Trial 1 finished with value: 0.84 and parameters: {'w_gbdt': 0.18349653216332906, 'w_lgbm': 0.516566042208889, 'w_lr': 0.14528400961349863, 'w_xgb': 0.31955325741455365, 'thr': 0.78}. Best is trial 0 with value: 0.868421052631579.
[I 2025-10-20 07:57:32,224] Trial 2 finished with value: 0.9302325581395349 and parameters: {'w_gbdt': 0.9676144942079493, 'w_lgbm': 0.8040559474972522, 'w_lr': 0.8378937437671876, 'w_xgb': 0.701077956559584, 'thr': 0.58}. Best is trial 2 with value: 0.9302325581395349.
[I 2025-10-20 07:57:32,226] Trial 3 finished with value: 1.0 and parameters: {'w_gbdt': 0.27707539943151194, 'w_lgbm': 0.7427725629483328, 'w_lr': 0.5811367137375101, 'w_xgb': 0.6406096695609234, 'thr': 0.8}. Best is trial 3 with value: 1.0.
[I 2025-10-20 07:57:32,227] Trial 4 finished with value: 0.8923076923076924 and parameters: {'w_gbdt': 0.04035964402959391, 'w_lgbm': 0.8992772021095591, 'w_lr': 0.18006918187465715, 'w_xgb': 0.7918515569191006, 'thr': 0.6799999999999999}. Best is trial 3 with value: 1.0.
[I 2025-10-20 07:57:32,228] Trial 5 finished with value: 0.875 and parameters: {'w_gbdt': 0.4294659752540234, 'w_lgbm': 0.7284118994500658, 'w_lr': 0.2976926990400669, 'w_xgb': 0.955544483134538, 'thr': 0.56}. Best is trial 3 with value: 1.0.
[I 2025-10-20 07:57:32,229] Trial 6 finished with value: 0.6428571428571429 and parameters: {'w_gbdt': 0.36410602549478566, 'w_lgbm': 0.09067150942748847, 'w_lr': 0.15138248149729816, 'w_xgb': 0.31020253344634563, 'thr': 0.8}. Best is trial 3 with value: 1.0.
[I 2025-10-20 07:57:32,230] Trial 7 finished with value: 0.7333333333333333 and parameters: {'w_gbdt': 0.048377231909522256, 'w_lgbm': 0.6386732235454164, 'w_lr': 0.703512937388065, 'w_xgb': 0.9684940074385663, 'thr': 0.6799999999999999}. Best is trial 3 with value: 1.0.
[I 2025-10-20 07:57:32,231] Trial 8 finished with value: 0.6071428571428571 and parameters: {'w_gbdt': 0.7874900870720952, 'w_lgbm': 0.40272372008392954, 'w_lr': 0.9744174862539124, 'w_xgb': 0.43699688547999627, 'thr': 0.7}. Best is trial 3 with value: 1.0.
[I 2025-10-20 07:57:32,232] Trial 9 finished with value: 0.6296296296296297 and parameters: {'w_gbdt': 0.8724270755731727, 'w_lgbm': 0.7857162441619866, 'w_lr': 0.007100286345576801, 'w_xgb': 0.8675007295256683, 'thr': 0.8}. Best is trial 3 with value: 1.0.
[I 2025-10-20 07:57:32,248] Trial 10 finished with value: 1.0 and parameters: {'w_gbdt': 0.5890449149383592, 'w_lgbm': 0.24215888772915173, 'w_lr': 0.5773566856975456, 'w_xgb': 0.05843796273197882, 'thr': 0.74}. Best is trial 3 with value: 1.0.
[I 2025-10-20 07:57:32,260] Trial 11 finished with value: 1.2857142857142858 and parameters: {'w_gbdt': 0.5852034235226883, 'w_lgbm': 0.2398139973402148, 'w_lr': 0.577937432034743, 'w_xgb': 0.005257688461034485, 'thr': 0.74}. Best is trial 11 with value: 1.2857142857142858.
[I 2025-10-20 07:57:32,274] Trial 12 finished with value: 0.9104477611940298 and parameters: {'w_gbdt': 0.2963278598339112, 'w_lgbm': 0.9978334626127953, 'w_lr': 0.5243112191333319, 'w_xgb': 0.0006574953407449766, 'thr': 0.5}. Best is trial 11 with value: 1.2857142857142858.
[I 2025-10-20 07:57:32,287] Trial 13 finished with value: 0.8666666666666667 and parameters: {'w_gbdt': 0.5470540815682852, 'w_lgbm': 0.29708935454942986, 'w_lr': 0.6682374262702133, 'w_xgb': 0.5909286891168419, 'thr': 0.74}. Best is trial 11 with value: 1.2857142857142858.
[I 2025-10-20 07:57:32,299] Trial 14 finished with value: 1.6 and parameters: {'w_gbdt': 0.24199312174179782, 'w_lgbm': 0.09798185571875848, 'w_lr': 0.40951539829023564, 'w_xgb': 0.17459293683936838, 'thr': 0.74}. Best is trial 14 with value: 1.6.
[I 2025-10-20 07:57:32,311] Trial 15 finished with value: 0.6666666666666666 and parameters: {'w_gbdt': 0.6558451836466272, 'w_lgbm': 0.018641412328399026, 'w_lr': 0.3760105883240926, 'w_xgb': 0.15292603525976556, 'thr': 0.74}. Best is trial 14 with value: 1.6.
[I 2025-10-20 07:57:32,324] Trial 16 finished with value: 0.711864406779661 and parameters: {'w_gbdt': 0.48663133061569874, 'w_lgbm': 0.17845088106679652, 'w_lr': 0.4321130146207031, 'w_xgb': 0.16228051761479573, 'thr': 0.64}. Best is trial 14 with value: 1.6.
[I 2025-10-20 07:57:32,336] Trial 17 finished with value: 1.375 and parameters: {'w_gbdt': 0.2517770385734657, 'w_lgbm': 0.33768602088094324, 'w_lr': 0.7609636215099016, 'w_xgb': 0.21475990067040956, 'thr': 0.72}. Best is trial 14 with value: 1.6.
[I 2025-10-20 07:57:32,348] Trial 18 finished with value: 0.8333333333333334 and parameters: {'w_gbdt': 0.18160274704622306, 'w_lgbm': 0.38649267731120773, 'w_lr': 0.8032312165801263, 'w_xgb': 0.3230619481550554, 'thr': 0.7}. Best is trial 14 with value: 1.6.
[I 2025-10-20 07:57:32,362] Trial 19 finished with value: 1.5 and parameters: {'w_gbdt': 0.14627689602348531, 'w_lgbm': 0.5312445338175518, 'w_lr': 0.9955433186600389, 'w_xgb': 0.44812338496734155, 'thr': 0.76}. Best is trial 14 with value: 1.6.
[I 2025-10-20 07:57:32,374] Trial 20 finished with value: 1.5 and parameters: {'w_gbdt': 0.1289467487545772, 'w_lgbm': 0.5325274802746474, 'w_lr': 0.9922095360936887, 'w_xgb': 0.4919365132224115, 'thr': 0.76}. Best is trial 14 with value: 1.6.
[I 2025-10-20 07:57:32,387] Trial 21 finished with value: 1.4 and parameters: {'w_gbdt': 0.12356767141659153, 'w_lgbm': 0.5406373642642788, 'w_lr': 0.9655142560891983, 'w_xgb': 0.5219880399968827, 'thr': 0.76}. Best is trial 14 with value: 1.6.
[I 2025-10-20 07:57:32,399] Trial 22 finished with value: 1.4 and parameters: {'w_gbdt': 0.12260804474127325, 'w_lgbm': 0.5962026897458955, 'w_lr': 0.9098419363408908, 'w_xgb': 0.4332785682140978, 'thr': 0.76}. Best is trial 14 with value: 1.6.
[I 2025-10-20 07:57:32,411] Trial 23 finished with value: 2.0 and parameters: {'w_gbdt': 0.001248928565205698, 'w_lgbm': 0.43707589676746866, 'w_lr': 0.870815958553658, 'w_xgb': 0.4945833958310887, 'thr': 0.78}. Best is trial 23 with value: 2.0.
[I 2025-10-20 07:57:32,425] Trial 24 finished with value: 1.5 and parameters: {'w_gbdt': 0.014316153686046607, 'w_lgbm': 0.42350947899787805, 'w_lr': 0.8814840259069521, 'w_xgb': 0.36536379299092836, 'thr': 0.78}. Best is trial 23 with value: 2.0.
[I 2025-10-20 07:57:32,439] Trial 25 finished with value: 0.75 and parameters: {'w_gbdt': 0.38336296599024183, 'w_lgbm': 0.16553395117336295, 'w_lr': 0.6863451404069892, 'w_xgb': 0.22892712488512723, 'thr': 0.7}. Best is trial 23 with value: 2.0.
[I 2025-10-20 07:57:32,452] Trial 26 finished with value: 0.7413793103448276 and parameters: {'w_gbdt': 0.19556384888485737, 'w_lgbm': 0.464746868942972, 'w_lr': 0.452203611394099, 'w_xgb': 0.6042163575301347, 'thr': 0.66}. Best is trial 23 with value: 2.0.
[I 2025-10-20 07:57:32,467] Trial 27 finished with value: 1.5 and parameters: {'w_gbdt': 0.017772171443869278, 'w_lgbm': 0.059764028595901984, 'w_lr': 0.89485292861978, 'w_xgb': 0.3958478682093973, 'thr': 0.78}. Best is trial 23 with value: 2.0.
[I 2025-10-20 07:57:32,479] Trial 28 finished with value: 0.8947368421052632 and parameters: {'w_gbdt': 0.09262387636967076, 'w_lgbm': 0.6203313169710298, 'w_lr': 0.7395249251391217, 'w_xgb': 0.5267854044512525, 'thr': 0.72}. Best is trial 23 with value: 2.0.
[I 2025-10-20 07:57:32,492] Trial 29 finished with value: 0.8533333333333334 and parameters: {'w_gbdt': 0.31904411155078416, 'w_lgbm': 0.2978125989346393, 'w_lr': 0.2912657373004031, 'w_xgb': 0.7042299024401675, 'thr': 0.62}. Best is trial 23 with value: 2.0.
[I 2025-10-20 07:57:32,504] Trial 30 finished with value: 0.9117647058823529 and parameters: {'w_gbdt': 0.2194239951905927, 'w_lgbm': 0.6629907860103267, 'w_lr': 0.39029189463199615, 'w_xgb': 0.2586330138422427, 'thr': 0.72}. Best is trial 23 with value: 2.0.
[I 2025-10-20 07:57:32,520] Trial 31 finished with value: 1.4 and parameters: {'w_gbdt': 0.11520956910499186, 'w_lgbm': 0.5586992331313547, 'w_lr': 0.9567398579825395, 'w_xgb': 0.5188346771388955, 'thr': 0.76}. Best is trial 23 with value: 2.0.
[I 2025-10-20 07:57:32,534] Trial 32 finished with value: 2.0 and parameters: {'w_gbdt': 0.16422428205751946, 'w_lgbm': 0.4837474615604561, 'w_lr': 0.9963178462804406, 'w_xgb': 0.47907803014791334, 'thr': 0.78}. Best is trial 23 with value: 2.0.
[I 2025-10-20 07:57:32,546] Trial 33 finished with value: 3.0 and parameters: {'w_gbdt': 0.17475151423850804, 'w_lgbm': 0.4804703956124856, 'w_lr': 0.8636505550525739, 'w_xgb': 0.6436943851176213, 'thr': 0.78}. Best is trial 33 with value: 3.0.
[I 2025-10-20 07:57:32,559] Trial 34 finished with value: 2.5 and parameters: {'w_gbdt': 0.2244800425553898, 'w_lgbm': 0.4439618018631127, 'w_lr': 0.8030217559764591, 'w_xgb': 0.6476280526494408, 'thr': 0.8}. Best is trial 33 with value: 3.0.
[I 2025-10-20 07:57:32,571] Trial 35 finished with value: 2.0 and parameters: {'w_gbdt': 0.0671605827393526, 'w_lgbm': 0.4615433646321273, 'w_lr': 0.831194114162047, 'w_xgb': 0.7756611543828349, 'thr': 0.8}. Best is trial 33 with value: 3.0.
[I 2025-10-20 07:57:32,585] Trial 36 finished with value: 1.6666666666666667 and parameters: {'w_gbdt': 0.0009665107589795763, 'w_lgbm': 0.47386197511712796, 'w_lr': 0.8536042673842367, 'w_xgb': 0.6233842362757408, 'thr': 0.78}. Best is trial 33 with value: 3.0.
[I 2025-10-20 07:57:32,601] Trial 37 finished with value: 1.5 and parameters: {'w_gbdt': 0.3328743273714426, 'w_lgbm': 0.36665554982786397, 'w_lr': 0.9098244730916896, 'w_xgb': 0.6712562475762834, 'thr': 0.8}. Best is trial 33 with value: 3.0.
[I 2025-10-20 07:57:32,619] Trial 38 finished with value: 2.3333333333333335 and parameters: {'w_gbdt': 0.18342993271144073, 'w_lgbm': 0.442518256936518, 'w_lr': 0.7903957353473021, 'w_xgb': 0.788094978186733, 'thr': 0.78}. Best is trial 33 with value: 3.0.
[I 2025-10-20 07:57:32,634] Trial 39 finished with value: 0.9620253164556962 and parameters: {'w_gbdt': 0.2693017986799013, 'w_lgbm': 0.4178002114648195, 'w_lr': 0.6344519923923997, 'w_xgb': 0.779905052699372, 'thr': 0.58}. Best is trial 33 with value: 3.0.
[I 2025-10-20 07:57:32,647] Trial 40 finished with value: 3.0 and parameters: {'w_gbdt': 0.3757801740515162, 'w_lgbm': 0.33217453067432096, 'w_lr': 0.7796269584798474, 'w_xgb': 0.8750024854104379, 'thr': 0.8}. Best is trial 33 with value: 3.0.
[I 2025-10-20 07:57:32,659] Trial 41 finished with value: 3.0 and parameters: {'w_gbdt': 0.43039059442773303, 'w_lgbm': 0.3296506524572242, 'w_lr': 0.7786453770535477, 'w_xgb': 0.8789383383148146, 'thr': 0.8}. Best is trial 33 with value: 3.0.
[I 2025-10-20 07:57:32,672] Trial 42 finished with value: 3.0 and parameters: {'w_gbdt': 0.4395030230725421, 'w_lgbm': 0.291257092882628, 'w_lr': 0.784596431973763, 'w_xgb': 0.8879134407719742, 'thr': 0.8}. Best is trial 33 with value: 3.0.
[I 2025-10-20 07:57:32,687] Trial 43 finished with value: 2.3333333333333335 and parameters: {'w_gbdt': 0.43597417013876266, 'w_lgbm': 0.3236794270453669, 'w_lr': 0.7430564285300111, 'w_xgb': 0.883233585897146, 'thr': 0.8}. Best is trial 33 with value: 3.0.
[I 2025-10-20 07:57:32,700] Trial 44 finished with value: 2.0 and parameters: {'w_gbdt': 0.41894432248959385, 'w_lgbm': 0.2133544298232457, 'w_lr': 0.6350744761607312, 'w_xgb': 0.8899376490599715, 'thr': 0.8}. Best is trial 33 with value: 3.0.
[I 2025-10-20 07:57:32,712] Trial 45 finished with value: 2.0 and parameters: {'w_gbdt': 0.5039900004678163, 'w_lgbm': 0.27235256959322685, 'w_lr': 0.8036386447401055, 'w_xgb': 0.9984165699653008, 'thr': 0.8}. Best is trial 33 with value: 3.0.
[I 2025-10-20 07:57:32,725] Trial 46 finished with value: 2.6666666666666665 and parameters: {'w_gbdt': 0.37388490933576635, 'w_lgbm': 0.3571379371488054, 'w_lr': 0.7140579064230712, 'w_xgb': 0.8424493593599203, 'thr': 0.78}. Best is trial 33 with value: 3.0.
[I 2025-10-20 07:57:32,740] Trial 47 finished with value: 0.8652482269503546 and parameters: {'w_gbdt': 0.3798851771254397, 'w_lgbm': 0.358726935242148, 'w_lr': 0.714243977774062, 'w_xgb': 0.8520161531324618, 'thr': 0.5}. Best is trial 33 with value: 3.0.
[I 2025-10-20 07:57:32,752] Trial 48 finished with value: 1.2857142857142858 and parameters: {'w_gbdt': 0.4751111993505962, 'w_lgbm': 0.1857692501924301, 'w_lr': 0.6295307843959996, 'w_xgb': 0.9292766219448539, 'thr': 0.78}. Best is trial 33 with value: 3.0.
[I 2025-10-20 07:57:32,768] Trial 49 finished with value: 0.5555555555555556 and parameters: {'w_gbdt': 0.546564158653785, 'w_lgbm': 0.13968372552754077, 'w_lr': 0.5446850953530898, 'w_xgb': 0.8289316329214598, 'thr': 0.76}. Best is trial 33 with value: 3.0.
[I 2025-10-20 07:57:32,780] Trial 50 finished with value: 1.8 and parameters: {'w_gbdt': 0.7562107279976276, 'w_lgbm': 0.25845527257069056, 'w_lr': 0.7686421342001067, 'w_xgb': 0.7362167957132824, 'thr': 0.78}. Best is trial 33 with value: 3.0.
[I 2025-10-20 07:57:32,796] Trial 51 finished with value: 3.0 and parameters: {'w_gbdt': 0.33456112479060623, 'w_lgbm': 0.3143695618821645, 'w_lr': 0.8291795300778593, 'w_xgb': 0.938507375035741, 'thr': 0.8}. Best is trial 33 with value: 3.0.
[I 2025-10-20 07:57:32,811] Trial 52 finished with value: 2.5 and parameters: {'w_gbdt': 0.3451517402345657, 'w_lgbm': 0.3147258657376409, 'w_lr': 0.9329207594425988, 'w_xgb': 0.9372122801688043, 'thr': 0.8}. Best is trial 33 with value: 3.0.
[I 2025-10-20 07:57:32,825] Trial 53 finished with value: 0.8 and parameters: {'w_gbdt': 0.4154155327126641, 'w_lgbm': 0.37948965746233443, 'w_lr': 0.8365744502501371, 'w_xgb': 0.8263768249901923, 'thr': 0.76}. Best is trial 33 with value: 3.0.
[I 2025-10-20 07:57:32,840] Trial 54 finished with value: 0.9285714285714286 and parameters: {'w_gbdt': 0.3047457169340304, 'w_lgbm': 0.23113682366949856, 'w_lr': 0.7120808585936664, 'w_xgb': 0.9097299065779817, 'thr': 0.74}. Best is trial 33 with value: 3.0.
[I 2025-10-20 07:57:32,854] Trial 55 finished with value: 1.8 and parameters: {'w_gbdt': 0.6256870328034336, 'w_lgbm': 0.3423574252616334, 'w_lr': 0.8343698473983203, 'w_xgb': 0.9733591049431922, 'thr': 0.78}. Best is trial 33 with value: 3.0.
[I 2025-10-20 07:57:32,868] Trial 56 finished with value: 2.3333333333333335 and parameters: {'w_gbdt': 0.46443267793774246, 'w_lgbm': 0.2805710566799846, 'w_lr': 0.6646351865257439, 'w_xgb': 0.7448321892791574, 'thr': 0.8}. Best is trial 33 with value: 3.0.
[I 2025-10-20 07:57:32,883] Trial 57 finished with value: 0.8828828828828829 and parameters: {'w_gbdt': 0.5264665605011911, 'w_lgbm': 0.8571857056514095, 'w_lr': 0.7784273041358514, 'w_xgb': 0.8337904415407532, 'thr': 0.54}. Best is trial 33 with value: 3.0.
[I 2025-10-20 07:57:32,895] Trial 58 finished with value: 0.8181818181818182 and parameters: {'w_gbdt': 0.9537636927892938, 'w_lgbm': 0.5065488438650745, 'w_lr': 0.7394829398232626, 'w_xgb': 0.9588409773845789, 'thr': 0.74}. Best is trial 33 with value: 3.0.
