[I 2025-10-20 08:07:34,882] Trial 0 finished with value: 0.2222222222222222 and parameters: {'w_gbdt': 0.11662752756039407, 'w_lgbm': 0.40663770492983886, 'w_lr': 0.5501905337773471, 'w_xgb': 0.09253011879005013, 'thr': 0.7}. Best is trial 0 with value: 0.2222222222222222.
[I 2025-10-20 08:07:34,884] Trial 1 finished with value: 0.5714285714285714 and parameters: {'w_gbdt': 0.6957049945988217, 'w_lgbm': 0.2571689260974589, 'w_lr': 0.7153227783459836, 'w_xgb': 0.480016466969171, 'thr': 0.58}. Best is trial 1 with value: 0.5714285714285714.
[I 2025-10-20 08:07:34,886] Trial 2 finished with value: 0.7232704402515723 and parameters: {'w_gbdt': 0.3848397928916083, 'w_lgbm': 0.9520401459724555, 'w_lr': 0.2733379381864973, 'w_xgb': 0.42082822481664117, 'thr': 0.52}. Best is trial 2 with value: 0.7232704402515723.
[I 2025-10-20 08:07:34,887] Trial 3 finished with value: 0.5773195876288659 and parameters: {'w_gbdt': 0.03505630165397633, 'w_lgbm': 0.762196361608394, 'w_lr': 0.7985424011501463, 'w_xgb': 0.6743455661221455, 'thr': 0.6}. Best is trial 2 with value: 0.7232704402515723.
[I 2025-10-20 08:07:34,888] Trial 4 finished with value: 0.7272727272727273 and parameters: {'w_gbdt': 0.21113548230786405, 'w_lgbm': 0.5383690880280896, 'w_lr': 0.08195552779010995, 'w_xgb': 0.09576800124389762, 'thr': 0.6}. Best is trial 4 with value: 0.7272727272727273.
[I 2025-10-20 08:07:34,889] Trial 5 finished with value: 0.7 and parameters: {'w_gbdt': 0.37168648301074003, 'w_lgbm': 0.5567645873588887, 'w_lr': 0.6902369970420855, 'w_xgb': 0.3605886507586612, 'thr': 0.54}. Best is trial 4 with value: 0.7272727272727273.
[I 2025-10-20 08:07:34,892] Trial 6 finished with value: 0.6206896551724138 and parameters: {'w_gbdt': 0.27154962315668973, 'w_lgbm': 0.1041163138312502, 'w_lr': 0.7569490941843394, 'w_xgb': 0.7171901914566428, 'thr': 0.54}. Best is trial 4 with value: 0.7272727272727273.
[I 2025-10-20 08:07:34,893] Trial 7 finished with value: 0.6551724137931034 and parameters: {'w_gbdt': 0.9189636251919825, 'w_lgbm': 0.10168388299735598, 'w_lr': 0.45744684707424543, 'w_xgb': 0.10000428517714055, 'thr': 0.66}. Best is trial 4 with value: 0.7272727272727273.
[I 2025-10-20 08:07:34,894] Trial 8 finished with value: 0.14285714285714285 and parameters: {'w_gbdt': 0.4955025665630225, 'w_lgbm': 0.9135902745185082, 'w_lr': 0.9796019204652964, 'w_xgb': 0.7908156037955599, 'thr': 0.78}. Best is trial 4 with value: 0.7272727272727273.
[I 2025-10-20 08:07:34,895] Trial 9 finished with value: 0.6153846153846154 and parameters: {'w_gbdt': 0.6251972418197406, 'w_lgbm': 0.49525480614117523, 'w_lr': 0.06063955198358517, 'w_xgb': 0.7463750648298607, 'thr': 0.6}. Best is trial 4 with value: 0.7272727272727273.
[I 2025-10-20 08:07:34,916] Trial 10 finished with value: 0.5686274509803921 and parameters: {'w_gbdt': 0.19019440099890236, 'w_lgbm': 0.7034577848746806, 'w_lr': 0.04172370104522788, 'w_xgb': 0.9726894665180015, 'thr': 0.74}. Best is trial 4 with value: 0.7272727272727273.
[I 2025-10-20 08:07:34,936] Trial 11 finished with value: 0.740506329113924 and parameters: {'w_gbdt': 0.3785611495670297, 'w_lgbm': 0.9779056491438769, 'w_lr': 0.25331628874336737, 'w_xgb': 0.30553605922575133, 'thr': 0.52}. Best is trial 11 with value: 0.740506329113924.
[I 2025-10-20 08:07:34,949] Trial 12 finished with value: 0.727810650887574 and parameters: {'w_gbdt': 0.32092474787088404, 'w_lgbm': 0.7448583522903591, 'w_lr': 0.2261012981250463, 'w_xgb': 0.26191875492111305, 'thr': 0.5}. Best is trial 11 with value: 0.740506329113924.
[I 2025-10-20 08:07:34,965] Trial 13 finished with value: 0.7261904761904762 and parameters: {'w_gbdt': 0.5389343272122127, 'w_lgbm': 0.7962544485241787, 'w_lr': 0.2664015352538089, 'w_xgb': 0.24381828994714871, 'thr': 0.5}. Best is trial 11 with value: 0.740506329113924.
[I 2025-10-20 08:07:34,979] Trial 14 finished with value: 0.7245508982035929 and parameters: {'w_gbdt': 0.3632303507030493, 'w_lgbm': 0.9993150407872332, 'w_lr': 0.28603089449098507, 'w_xgb': 0.28118507769537826, 'thr': 0.5}. Best is trial 11 with value: 0.740506329113924.
[I 2025-10-20 08:07:34,996] Trial 15 finished with value: 0.631578947368421 and parameters: {'w_gbdt': 0.911932584514928, 'w_lgbm': 0.6644087449117708, 'w_lr': 0.4090923874661584, 'w_xgb': 0.5723707088807334, 'thr': 0.56}. Best is trial 11 with value: 0.740506329113924.
[I 2025-10-20 08:07:35,013] Trial 16 finished with value: 0.6444444444444445 and parameters: {'w_gbdt': 0.765358996839986, 'w_lgbm': 0.838900185092102, 'w_lr': 0.1566572477059801, 'w_xgb': 0.23268473675582227, 'thr': 0.64}. Best is trial 11 with value: 0.740506329113924.
[I 2025-10-20 08:07:35,032] Trial 17 finished with value: 0.6341463414634146 and parameters: {'w_gbdt': 0.4903878638809598, 'w_lgbm': 0.8740021690080644, 'w_lr': 0.3672920514162116, 'w_xgb': 0.34023869768950504, 'thr': 0.64}. Best is trial 11 with value: 0.740506329113924.
[I 2025-10-20 08:07:35,044] Trial 18 finished with value: 0.7192982456140351 and parameters: {'w_gbdt': 0.3168741275660796, 'w_lgbm': 0.6806452302472427, 'w_lr': 0.15166806966247048, 'w_xgb': 0.575158677677438, 'thr': 0.5}. Best is trial 11 with value: 0.740506329113924.
[I 2025-10-20 08:07:35,054] Trial 19 finished with value: 0.6226415094339622 and parameters: {'w_gbdt': 0.03279308010540333, 'w_lgbm': 0.37591339961708314, 'w_lr': 0.6049838199410159, 'w_xgb': 0.19451138437861654, 'thr': 0.56}. Best is trial 11 with value: 0.740506329113924.
[I 2025-10-20 08:07:35,065] Trial 20 finished with value: 0.6571428571428571 and parameters: {'w_gbdt': 0.4428797923148632, 'w_lgbm': 0.616133552162724, 'w_lr': 0.16034091737781292, 'w_xgb': 0.01094229902167787, 'thr': 0.6799999999999999}. Best is trial 11 with value: 0.740506329113924.
[I 2025-10-20 08:07:35,077] Trial 21 finished with value: 0.6984126984126984 and parameters: {'w_gbdt': 0.22392271575051018, 'w_lgbm': 0.49615699482582465, 'w_lr': 0.014516942268754024, 'w_xgb': 0.14342228532889376, 'thr': 0.6}. Best is trial 11 with value: 0.740506329113924.
[I 2025-10-20 08:07:35,089] Trial 22 finished with value: 0.7397260273972602 and parameters: {'w_gbdt': 0.15305382004498247, 'w_lgbm': 0.7550706648072919, 'w_lr': 0.2098835305740385, 'w_xgb': 0.04861782334548881, 'thr': 0.54}. Best is trial 11 with value: 0.740506329113924.
[I 2025-10-20 08:07:35,101] Trial 23 finished with value: 0.7397260273972602 and parameters: {'w_gbdt': 0.1540956970818921, 'w_lgbm': 0.7670568596415028, 'w_lr': 0.2363216639843343, 'w_xgb': 0.03778852063148247, 'thr': 0.54}. Best is trial 11 with value: 0.740506329113924.
[I 2025-10-20 08:07:35,112] Trial 24 finished with value: 0.7094594594594594 and parameters: {'w_gbdt': 0.11210546723773562, 'w_lgbm': 0.8772319232894458, 'w_lr': 0.34989642155380596, 'w_xgb': 0.019765425393913523, 'thr': 0.54}. Best is trial 11 with value: 0.740506329113924.
[I 2025-10-20 08:07:35,123] Trial 25 finished with value: 0.7194244604316546 and parameters: {'w_gbdt': 0.1309659690691501, 'w_lgbm': 0.9766079405576602, 'w_lr': 0.2005132378468189, 'w_xgb': 0.16100625048439732, 'thr': 0.56}. Best is trial 11 with value: 0.740506329113924.
[I 2025-10-20 08:07:35,137] Trial 26 finished with value: 0.7098765432098766 and parameters: {'w_gbdt': 0.02384405069363671, 'w_lgbm': 0.8136336746304004, 'w_lr': 0.33546716679288113, 'w_xgb': 0.018297962858267548, 'thr': 0.52}. Best is trial 11 with value: 0.740506329113924.
[I 2025-10-20 08:07:35,150] Trial 27 finished with value: 0.5568181818181818 and parameters: {'w_gbdt': 0.15454361295515778, 'w_lgbm': 0.6052982863699541, 'w_lr': 0.4767261169247893, 'w_xgb': 0.3436022695039344, 'thr': 0.62}. Best is trial 11 with value: 0.740506329113924.
[I 2025-10-20 08:07:35,163] Trial 28 finished with value: 0.7164179104477612 and parameters: {'w_gbdt': 0.2437150332676926, 'w_lgbm': 0.9059812548783261, 'w_lr': 0.09491146885180293, 'w_xgb': 0.06888820310929095, 'thr': 0.58}. Best is trial 11 with value: 0.740506329113924.
[I 2025-10-20 08:07:35,177] Trial 29 finished with value: 0.09090909090909091 and parameters: {'w_gbdt': 0.06935189564542049, 'w_lgbm': 0.401063712396968, 'w_lr': 0.5660368779790457, 'w_xgb': 0.1583618841718603, 'thr': 0.7}. Best is trial 11 with value: 0.740506329113924.
[I 2025-10-20 08:07:35,189] Trial 30 finished with value: 0.6818181818181818 and parameters: {'w_gbdt': 0.6037400387739968, 'w_lgbm': 0.7462450065018672, 'w_lr': 0.40903374248888646, 'w_xgb': 0.4263302763221186, 'thr': 0.52}. Best is trial 11 with value: 0.740506329113924.
[I 2025-10-20 08:07:35,202] Trial 31 finished with value: 0.7341772151898734 and parameters: {'w_gbdt': 0.29234817455353096, 'w_lgbm': 0.7431822909818531, 'w_lr': 0.21049563520985962, 'w_xgb': 0.26152430144364686, 'thr': 0.52}. Best is trial 11 with value: 0.740506329113924.
[I 2025-10-20 08:07:35,217] Trial 32 finished with value: 0.7210884353741497 and parameters: {'w_gbdt': 0.3146569145933744, 'w_lgbm': 0.8353663848714777, 'w_lr': 0.13278208057737112, 'w_xgb': 0.07499648463182124, 'thr': 0.54}. Best is trial 11 with value: 0.740506329113924.
[I 2025-10-20 08:07:35,233] Trial 33 finished with value: 0.6306306306306306 and parameters: {'w_gbdt': 0.4430243731223922, 'w_lgbm': 0.30982269740086144, 'w_lr': 0.2320069107409195, 'w_xgb': 0.30341644918772304, 'thr': 0.58}. Best is trial 11 with value: 0.740506329113924.
[I 2025-10-20 08:07:35,245] Trial 34 finished with value: 0.6975308641975309 and parameters: {'w_gbdt': 0.10713866787062301, 'w_lgbm': 0.6430245179130798, 'w_lr': 0.3027623012186426, 'w_xgb': 0.45848207037219446, 'thr': 0.52}. Best is trial 11 with value: 0.740506329113924.
[I 2025-10-20 08:07:35,257] Trial 35 finished with value: 0.7299270072992701 and parameters: {'w_gbdt': 0.16867251337347905, 'w_lgbm': 0.9480436629131055, 'w_lr': 0.23056145977049888, 'w_xgb': 0.527472713826598, 'thr': 0.56}. Best is trial 11 with value: 0.740506329113924.
[I 2025-10-20 08:07:35,269] Trial 36 finished with value: 0.7283950617283951 and parameters: {'w_gbdt': 0.2536850467452052, 'w_lgbm': 0.730645166761489, 'w_lr': 0.11774980912368202, 'w_xgb': 0.18880762067860477, 'thr': 0.52}. Best is trial 11 with value: 0.740506329113924.
[I 2025-10-20 08:07:35,281] Trial 37 finished with value: 0.6971830985915493 and parameters: {'w_gbdt': 0.4164615561677113, 'w_lgbm': 0.7704833037690627, 'w_lr': 0.40006051341621135, 'w_xgb': 0.378193763882361, 'thr': 0.54}. Best is trial 11 with value: 0.740506329113924.
[I 2025-10-20 08:07:35,293] Trial 38 finished with value: 0.703125 and parameters: {'w_gbdt': 0.28657455923210495, 'w_lgbm': 0.5820638412091125, 'w_lr': 0.194109510726095, 'w_xgb': 0.1159835512415826, 'thr': 0.58}. Best is trial 11 with value: 0.740506329113924.
[I 2025-10-20 08:07:35,305] Trial 39 finished with value: 0.5769230769230769 and parameters: {'w_gbdt': 0.3542331393626796, 'w_lgbm': 0.18255004152503085, 'w_lr': 0.3022520043524369, 'w_xgb': 0.2102363245079968, 'thr': 0.62}. Best is trial 11 with value: 0.740506329113924.
[I 2025-10-20 08:07:35,317] Trial 40 finished with value: 0.6981132075471698 and parameters: {'w_gbdt': 0.00013295383485459333, 'w_lgbm': 0.9180117700444956, 'w_lr': 0.5167373996426063, 'w_xgb': 0.04750096696961198, 'thr': 0.52}. Best is trial 11 with value: 0.740506329113924.
[I 2025-10-20 08:07:35,328] Trial 41 finished with value: 0.7299270072992701 and parameters: {'w_gbdt': 0.16246124134438047, 'w_lgbm': 0.9274491054938785, 'w_lr': 0.24263392710002227, 'w_xgb': 0.521960894293855, 'thr': 0.56}. Best is trial 11 with value: 0.740506329113924.
[I 2025-10-20 08:07:35,340] Trial 42 finished with value: 0.6296296296296297 and parameters: {'w_gbdt': 0.198379182295928, 'w_lgbm': 0.0007161756710379885, 'w_lr': 0.1936398431674795, 'w_xgb': 0.6133493522320428, 'thr': 0.54}. Best is trial 11 with value: 0.740506329113924.
[I 2025-10-20 08:07:35,353] Trial 43 finished with value: 0.7310344827586207 and parameters: {'w_gbdt': 0.06879099963637009, 'w_lgbm': 0.8664093828094523, 'w_lr': 0.005923801618635344, 'w_xgb': 0.45925028837509146, 'thr': 0.56}. Best is trial 11 with value: 0.740506329113924.
[I 2025-10-20 08:07:35,365] Trial 44 finished with value: 0.6071428571428571 and parameters: {'w_gbdt': 0.06688564680234074, 'w_lgbm': 0.8658884696229013, 'w_lr': 0.05984586482418312, 'w_xgb': 0.39965480023218153, 'thr': 0.8}. Best is trial 11 with value: 0.740506329113924.
[I 2025-10-20 08:07:35,378] Trial 45 finished with value: 0.7283236994219653 and parameters: {'w_gbdt': 0.0846569393182491, 'w_lgbm': 0.7931988482193375, 'w_lr': 0.0944399685419431, 'w_xgb': 0.30357558290871706, 'thr': 0.5}. Best is trial 11 with value: 0.740506329113924.
[I 2025-10-20 08:07:35,390] Trial 46 finished with value: 0.7142857142857143 and parameters: {'w_gbdt': 0.21337705163005063, 'w_lgbm': 0.7274704816656827, 'w_lr': 0.005249124595707394, 'w_xgb': 0.4677455929120704, 'thr': 0.54}. Best is trial 11 with value: 0.740506329113924.
[I 2025-10-20 08:07:35,401] Trial 47 finished with value: 0.5858585858585859 and parameters: {'w_gbdt': 0.27958089013629644, 'w_lgbm': 0.9941898070503528, 'w_lr': 0.9077387949493894, 'w_xgb': 0.814384491960316, 'thr': 0.6}. Best is trial 11 with value: 0.740506329113924.
[I 2025-10-20 08:07:35,414] Trial 48 finished with value: 0.725 and parameters: {'w_gbdt': 0.38156362518007864, 'w_lgbm': 0.6908425672594778, 'w_lr': 0.6419179436694991, 'w_xgb': 0.11878094039954945, 'thr': 0.5}. Best is trial 11 with value: 0.740506329113924.
[I 2025-10-20 08:07:35,426] Trial 49 finished with value: 0.7333333333333333 and parameters: {'w_gbdt': 0.1415847391581792, 'w_lgbm': 0.8419189414886683, 'w_lr': 0.2613397334464992, 'w_xgb': 0.2668274612638754, 'thr': 0.56}. Best is trial 11 with value: 0.740506329113924.
[I 2025-10-20 08:07:35,438] Trial 50 finished with value: 0.42857142857142855 and parameters: {'w_gbdt': 0.335814877695452, 'w_lgbm': 0.5452856671300985, 'w_lr': 0.2798521658226878, 'w_xgb': 0.26199047667245695, 'thr': 0.74}. Best is trial 11 with value: 0.740506329113924.
[I 2025-10-20 08:07:35,456] Trial 51 finished with value: 0.7424242424242424 and parameters: {'w_gbdt': 0.15263871193182454, 'w_lgbm': 0.8500487858552137, 'w_lr': 0.33251627594539723, 'w_xgb': 0.33168908237912553, 'thr': 0.56}. Best is trial 51 with value: 0.7424242424242424.
[I 2025-10-20 08:07:35,471] Trial 52 finished with value: 0.6829268292682927 and parameters: {'w_gbdt': 0.13552213579655387, 'w_lgbm': 0.7854920213844468, 'w_lr': 0.3465987170652028, 'w_xgb': 0.322437020685419, 'thr': 0.58}. Best is trial 51 with value: 0.7424242424242424.
[I 2025-10-20 08:07:35,486] Trial 53 finished with value: 0.7116564417177914 and parameters: {'w_gbdt': 0.19071616970907324, 'w_lgbm': 0.8260269839245358, 'w_lr': 0.2638472750598528, 'w_xgb': 0.23359733705399038, 'thr': 0.52}. Best is trial 51 with value: 0.7424242424242424.
[I 2025-10-20 08:07:35,500] Trial 54 finished with value: 0.7152317880794702 and parameters: {'w_gbdt': 0.2513193749070429, 'w_lgbm': 0.9597222386321014, 'w_lr': 0.18719099003049883, 'w_xgb': 0.3701584671356276, 'thr': 0.54}. Best is trial 51 with value: 0.7424242424242424.
[I 2025-10-20 08:07:35,514] Trial 55 finished with value: 0.7349397590361446 and parameters: {'w_gbdt': 0.4157521069279706, 'w_lgbm': 0.8828242543768516, 'w_lr': 0.329588843412512, 'w_xgb': 0.2886597034874138, 'thr': 0.5}. Best is trial 51 with value: 0.7424242424242424.
[I 2025-10-20 08:07:35,529] Trial 56 finished with value: 0.7272727272727273 and parameters: {'w_gbdt': 0.4066435119205861, 'w_lgbm': 0.8901963772261091, 'w_lr': 0.3861958035386166, 'w_xgb': 0.17922126842240438, 'thr': 0.5}. Best is trial 51 with value: 0.7424242424242424.
[I 2025-10-20 08:07:35,543] Trial 57 finished with value: 0.7289156626506024 and parameters: {'w_gbdt': 0.5177087619026312, 'w_lgbm': 0.712950386924057, 'w_lr': 0.3401289833082231, 'w_xgb': 0.21417340921460676, 'thr': 0.5}. Best is trial 51 with value: 0.7424242424242424.
[I 2025-10-20 08:07:35,558] Trial 58 finished with value: 0.6838709677419355 and parameters: {'w_gbdt': 0.5653954328478975, 'w_lgbm': 0.9576903296750549, 'w_lr': 0.4354230184285902, 'w_xgb': 0.12612164480881075, 'thr': 0.52}. Best is trial 51 with value: 0.7424242424242424.
