[I 2025-10-20 08:00:36,807] Trial 0 finished with value: 1.0604026845637584 and parameters: {'w_gbdt': 0.7817286019676577, 'w_lgbm': 0.3505037383886218, 'w_lr': 0.3460088418785874, 'w_xgb': 0.1015400303220505, 'thr': 0.58}. Best is trial 0 with value: 1.0604026845637584.
[I 2025-10-20 08:00:36,808] Trial 1 finished with value: 0.6666666666666666 and parameters: {'w_gbdt': 0.3464164442319597, 'w_lgbm': 0.7433490204972469, 'w_lr': 0.8722966658531072, 'w_xgb': 0.9618886472007117, 'thr': 0.72}. Best is trial 0 with value: 1.0604026845637584.
[I 2025-10-20 08:00:36,810] Trial 2 finished with value: 0.36363636363636365 and parameters: {'w_gbdt': 0.4482194394461809, 'w_lgbm': 0.6947828528299461, 'w_lr': 0.9581939589666626, 'w_xgb': 0.37338918096377816, 'thr': 0.74}. Best is trial 0 with value: 1.0604026845637584.
[I 2025-10-20 08:00:36,811] Trial 3 finished with value: 1.15625 and parameters: {'w_gbdt': 0.7452092316817063, 'w_lgbm': 0.5445332963479147, 'w_lr': 0.23904519825423676, 'w_xgb': 0.9938759536405058, 'thr': 0.64}. Best is trial 3 with value: 1.15625.
[I 2025-10-20 08:00:36,812] Trial 4 finished with value: 1.1573033707865168 and parameters: {'w_gbdt': 0.1812695315971975, 'w_lgbm': 0.5515036493521571, 'w_lr': 0.138390548622779, 'w_xgb': 0.5849372714114489, 'thr': 0.66}. Best is trial 4 with value: 1.1573033707865168.
[I 2025-10-20 08:00:36,813] Trial 5 finished with value: 0.8529411764705882 and parameters: {'w_gbdt': 0.38237986087294384, 'w_lgbm': 0.36980468305288494, 'w_lr': 0.1533156277829012, 'w_xgb': 0.11601825193943216, 'thr': 0.76}. Best is trial 4 with value: 1.1573033707865168.
[I 2025-10-20 08:00:36,814] Trial 6 finished with value: 1.027972027972028 and parameters: {'w_gbdt': 0.5796322860569799, 'w_lgbm': 0.3189207802314069, 'w_lr': 0.3063600669589487, 'w_xgb': 0.6561684750232124, 'thr': 0.58}. Best is trial 4 with value: 1.1573033707865168.
[I 2025-10-20 08:00:36,815] Trial 7 finished with value: 0.9375 and parameters: {'w_gbdt': 0.047075978505331295, 'w_lgbm': 0.7591439866494307, 'w_lr': 0.6478490366090297, 'w_xgb': 0.5849033599753063, 'thr': 0.72}. Best is trial 4 with value: 1.1573033707865168.
[I 2025-10-20 08:00:36,816] Trial 8 finished with value: 0.0 and parameters: {'w_gbdt': 0.10325294424150555, 'w_lgbm': 0.9312042447601818, 'w_lr': 0.8307669527909914, 'w_xgb': 0.12324354228325918, 'thr': 0.78}. Best is trial 4 with value: 1.1573033707865168.
[I 2025-10-20 08:00:36,817] Trial 9 finished with value: 0.6666666666666666 and parameters: {'w_gbdt': 0.2386747631539997, 'w_lgbm': 0.29597127353174557, 'w_lr': 0.7324431135710587, 'w_xgb': 0.28303903741730196, 'thr': 0.66}. Best is trial 4 with value: 1.1573033707865168.
[I 2025-10-20 08:00:36,834] Trial 10 finished with value: 1.0331491712707181 and parameters: {'w_gbdt': 0.9646385577886641, 'w_lgbm': 0.011560946302801467, 'w_lr': 0.04327807520030179, 'w_xgb': 0.7276320099945189, 'thr': 0.54}. Best is trial 4 with value: 1.1573033707865168.
[I 2025-10-20 08:00:36,844] Trial 11 finished with value: 1.148936170212766 and parameters: {'w_gbdt': 0.6654641490006565, 'w_lgbm': 0.5664793492113359, 'w_lr': 0.28343018487809235, 'w_xgb': 0.9734384086236699, 'thr': 0.64}. Best is trial 4 with value: 1.1573033707865168.
[I 2025-10-20 08:00:36,857] Trial 12 finished with value: 1.1466666666666667 and parameters: {'w_gbdt': 0.8265607313896262, 'w_lgbm': 0.5369770556887652, 'w_lr': 0.5288806953238827, 'w_xgb': 0.802957599178877, 'thr': 0.66}. Best is trial 4 with value: 1.1573033707865168.
[I 2025-10-20 08:00:36,869] Trial 13 finished with value: 1.0775193798449612 and parameters: {'w_gbdt': 0.23561555986952665, 'w_lgbm': 0.49508764061592225, 'w_lr': 0.007641021475497278, 'w_xgb': 0.4524842116245158, 'thr': 0.62}. Best is trial 4 with value: 1.1573033707865168.
[I 2025-10-20 08:00:36,881] Trial 14 finished with value: 1.02803738317757 and parameters: {'w_gbdt': 0.5879608364058977, 'w_lgbm': 0.07751185422689882, 'w_lr': 0.18718020844558803, 'w_xgb': 0.9156888175478405, 'thr': 0.5}. Best is trial 4 with value: 1.1573033707865168.
[I 2025-10-20 08:00:36,894] Trial 15 finished with value: 1.1506849315068493 and parameters: {'w_gbdt': 0.7493886159384212, 'w_lgbm': 0.9467527425614273, 'w_lr': 0.4384746063603902, 'w_xgb': 0.8071524295024917, 'thr': 0.6799999999999999}. Best is trial 4 with value: 1.1573033707865168.
[I 2025-10-20 08:00:36,906] Trial 16 finished with value: 1.0567375886524824 and parameters: {'w_gbdt': 0.9524244957827248, 'w_lgbm': 0.17416040000208804, 'w_lr': 0.1666145166321084, 'w_xgb': 0.5460035601820749, 'thr': 0.6}. Best is trial 4 with value: 1.1573033707865168.
[I 2025-10-20 08:00:36,919] Trial 17 finished with value: 1.1428571428571428 and parameters: {'w_gbdt': 0.15870817995551628, 'w_lgbm': 0.631573310604835, 'w_lr': 0.46848445249088266, 'w_xgb': 0.400069021008804, 'thr': 0.6799999999999999}. Best is trial 4 with value: 1.1573033707865168.
[I 2025-10-20 08:00:36,933] Trial 18 finished with value: 1.0218579234972678 and parameters: {'w_gbdt': 0.4973171308643265, 'w_lgbm': 0.43941997048240583, 'w_lr': 0.10799120299314283, 'w_xgb': 0.2889990179833062, 'thr': 0.54}. Best is trial 4 with value: 1.1573033707865168.
[I 2025-10-20 08:00:36,945] Trial 19 finished with value: 0.6521739130434783 and parameters: {'w_gbdt': 0.0025599560586824777, 'w_lgbm': 0.8331076973157526, 'w_lr': 0.2567244321301475, 'w_xgb': 0.8526542530061767, 'thr': 0.8}. Best is trial 4 with value: 1.1573033707865168.
[I 2025-10-20 08:00:36,958] Trial 20 finished with value: 1.150943396226415 and parameters: {'w_gbdt': 0.29644220098734136, 'w_lgbm': 0.6158593498167838, 'w_lr': 0.3862375396887782, 'w_xgb': 0.684694189140344, 'thr': 0.7}. Best is trial 4 with value: 1.1573033707865168.
[I 2025-10-20 08:00:36,971] Trial 21 finished with value: 1.1538461538461537 and parameters: {'w_gbdt': 0.2958334610235112, 'w_lgbm': 0.6072771605721262, 'w_lr': 0.39837447642532536, 'w_xgb': 0.6660265525751646, 'thr': 0.7}. Best is trial 4 with value: 1.1573033707865168.
[I 2025-10-20 08:00:36,984] Trial 22 finished with value: 1.1538461538461537 and parameters: {'w_gbdt': 0.20814260208078939, 'w_lgbm': 0.4883087530875908, 'w_lr': 0.5671991120236979, 'w_xgb': 0.6405119226613345, 'thr': 0.64}. Best is trial 4 with value: 1.1573033707865168.
[I 2025-10-20 08:00:36,998] Trial 23 finished with value: 1.161764705882353 and parameters: {'w_gbdt': 0.39532395491754335, 'w_lgbm': 0.6684214975164149, 'w_lr': 0.22213697152704673, 'w_xgb': 0.7436274550917823, 'thr': 0.7}. Best is trial 23 with value: 1.161764705882353.
[I 2025-10-20 08:00:37,011] Trial 24 finished with value: 1.0887096774193548 and parameters: {'w_gbdt': 0.42589001396476023, 'w_lgbm': 0.8154381550622413, 'w_lr': 0.08749114685946416, 'w_xgb': 0.8709634825115099, 'thr': 0.62}. Best is trial 23 with value: 1.161764705882353.
[I 2025-10-20 08:00:37,023] Trial 25 finished with value: 1.1842105263157894 and parameters: {'w_gbdt': 0.5498603394070767, 'w_lgbm': 0.6925101847920753, 'w_lr': 0.22961039039016487, 'w_xgb': 0.7575110785316594, 'thr': 0.6799999999999999}. Best is trial 25 with value: 1.1842105263157894.
[I 2025-10-20 08:00:37,038] Trial 26 finished with value: 1.0208333333333333 and parameters: {'w_gbdt': 0.5519681723648648, 'w_lgbm': 0.6863484514165118, 'w_lr': 0.2037368296956359, 'w_xgb': 0.7351618132114786, 'thr': 0.74}. Best is trial 25 with value: 1.1842105263157894.
[I 2025-10-20 08:00:37,049] Trial 27 finished with value: 1.1294117647058823 and parameters: {'w_gbdt': 0.48824948845733196, 'w_lgbm': 0.839504238010456, 'w_lr': 0.12669546200815712, 'w_xgb': 0.556993181635393, 'thr': 0.6799999999999999}. Best is trial 25 with value: 1.1842105263157894.
[I 2025-10-20 08:00:37,062] Trial 28 finished with value: 1.0847457627118644 and parameters: {'w_gbdt': 0.6695450583947492, 'w_lgbm': 0.41727578283645816, 'w_lr': 0.31466296844048347, 'w_xgb': 0.7790487396000182, 'thr': 0.7}. Best is trial 25 with value: 1.1842105263157894.
[I 2025-10-20 08:00:37,077] Trial 29 finished with value: 1.0 and parameters: {'w_gbdt': 0.11426425324185818, 'w_lgbm': 0.6891839675053203, 'w_lr': 0.35746635464701376, 'w_xgb': 0.50311283798801, 'thr': 0.74}. Best is trial 25 with value: 1.1842105263157894.
[I 2025-10-20 08:00:37,093] Trial 30 finished with value: 1.0551724137931036 and parameters: {'w_gbdt': 0.32929425189537465, 'w_lgbm': 0.8931702234028658, 'w_lr': 0.03790601185168338, 'w_xgb': 0.6204821904002783, 'thr': 0.6}. Best is trial 25 with value: 1.1842105263157894.
[I 2025-10-20 08:00:37,111] Trial 31 finished with value: 1.2345679012345678 and parameters: {'w_gbdt': 0.8337828101719773, 'w_lgbm': 0.5303811676545137, 'w_lr': 0.24555174297782598, 'w_xgb': 0.9209677915207156, 'thr': 0.66}. Best is trial 31 with value: 1.2345679012345678.
[I 2025-10-20 08:00:37,129] Trial 32 finished with value: 1.160919540229885 and parameters: {'w_gbdt': 0.8458354163253828, 'w_lgbm': 0.7687754545078678, 'w_lr': 0.23305940704538528, 'w_xgb': 0.9002321004399211, 'thr': 0.66}. Best is trial 31 with value: 1.2345679012345678.
[I 2025-10-20 08:00:37,144] Trial 33 finished with value: 1.1379310344827587 and parameters: {'w_gbdt': 0.8608440091132918, 'w_lgbm': 0.7215328465447757, 'w_lr': 0.24838359287103684, 'w_xgb': 0.9073517854629803, 'thr': 0.72}. Best is trial 31 with value: 1.2345679012345678.
[I 2025-10-20 08:00:37,159] Trial 34 finished with value: 1.1111111111111112 and parameters: {'w_gbdt': 0.8947896805045237, 'w_lgbm': 0.744019158459958, 'w_lr': 0.3614137168903894, 'w_xgb': 0.9117092439842522, 'thr': 0.6799999999999999}. Best is trial 31 with value: 1.2345679012345678.
[I 2025-10-20 08:00:37,175] Trial 35 finished with value: 1.1238938053097345 and parameters: {'w_gbdt': 0.7005646834957235, 'w_lgbm': 0.6447324778394872, 'w_lr': 0.2540547540374248, 'w_xgb': 0.8367568176215512, 'thr': 0.62}. Best is trial 31 with value: 1.2345679012345678.
[I 2025-10-20 08:00:37,190] Trial 36 finished with value: 1.144927536231884 and parameters: {'w_gbdt': 0.8255860229619127, 'w_lgbm': 0.7737885099256374, 'w_lr': 0.1991942746831729, 'w_xgb': 0.7459275696499154, 'thr': 0.7}. Best is trial 31 with value: 1.2345679012345678.
[I 2025-10-20 08:00:37,205] Trial 37 finished with value: 0.8571428571428571 and parameters: {'w_gbdt': 0.403223082955646, 'w_lgbm': 0.8870099896239905, 'w_lr': 0.32896242045434704, 'w_xgb': 0.9536552315118018, 'thr': 0.76}. Best is trial 31 with value: 1.2345679012345678.
[I 2025-10-20 08:00:37,218] Trial 38 finished with value: 1.1704545454545454 and parameters: {'w_gbdt': 0.7857247125226873, 'w_lgbm': 0.6744479283590378, 'w_lr': 0.0854731218613193, 'w_xgb': 0.9942063501113141, 'thr': 0.66}. Best is trial 31 with value: 1.2345679012345678.
[I 2025-10-20 08:00:37,232] Trial 39 finished with value: 1.1363636363636365 and parameters: {'w_gbdt': 0.6037451872269209, 'w_lgbm': 0.6637168534930454, 'w_lr': 0.0669259057265924, 'w_xgb': 0.9669824117891717, 'thr': 0.72}. Best is trial 31 with value: 1.2345679012345678.
[I 2025-10-20 08:00:37,244] Trial 40 finished with value: 1.145631067961165 and parameters: {'w_gbdt': 0.7545083574910854, 'w_lgbm': 0.5937684365175668, 'w_lr': 0.14813690528267398, 'w_xgb': 0.9947593962271093, 'thr': 0.64}. Best is trial 31 with value: 1.2345679012345678.
[I 2025-10-20 08:00:37,257] Trial 41 finished with value: 1.1555555555555554 and parameters: {'w_gbdt': 0.9107641388688293, 'w_lgbm': 0.7915156493045566, 'w_lr': 0.2146866958977478, 'w_xgb': 0.8806977539101386, 'thr': 0.66}. Best is trial 31 with value: 1.2345679012345678.
[I 2025-10-20 08:00:37,271] Trial 42 finished with value: 1.1875 and parameters: {'w_gbdt': 0.8175826600638668, 'w_lgbm': 0.726666211049891, 'w_lr': 0.11191576532532652, 'w_xgb': 0.8349520287209499, 'thr': 0.6799999999999999}. Best is trial 31 with value: 1.2345679012345678.
[I 2025-10-20 08:00:37,284] Trial 43 finished with value: 1.1149425287356323 and parameters: {'w_gbdt': 0.7830000522624971, 'w_lgbm': 0.7044340548290355, 'w_lr': 0.0005707310208252492, 'w_xgb': 0.7746549203530506, 'thr': 0.6799999999999999}. Best is trial 31 with value: 1.2345679012345678.
[I 2025-10-20 08:00:37,297] Trial 44 finished with value: 1.1142857142857143 and parameters: {'w_gbdt': 0.7069223172069911, 'w_lgbm': 0.46887436006209493, 'w_lr': 0.09436188686332739, 'w_xgb': 0.8275995814400613, 'thr': 0.7}. Best is trial 31 with value: 1.2345679012345678.
[I 2025-10-20 08:00:37,311] Trial 45 finished with value: 0.9818181818181818 and parameters: {'w_gbdt': 0.796181340615945, 'w_lgbm': 0.5464109020773559, 'w_lr': 0.29121783773470367, 'w_xgb': 0.7199416566847177, 'thr': 0.72}. Best is trial 31 with value: 1.2345679012345678.
[I 2025-10-20 08:00:37,323] Trial 46 finished with value: 1.1910112359550562 and parameters: {'w_gbdt': 0.9943332753163494, 'w_lgbm': 0.5746724554125644, 'w_lr': 0.1479712781372696, 'w_xgb': 0.9386130233083504, 'thr': 0.66}. Best is trial 31 with value: 1.2345679012345678.
[I 2025-10-20 08:00:37,336] Trial 47 finished with value: 1.0955882352941178 and parameters: {'w_gbdt': 0.9670461944305466, 'w_lgbm': 0.9984498364403832, 'w_lr': 0.14492532527724275, 'w_xgb': 0.9874819575404056, 'thr': 0.6}. Best is trial 31 with value: 1.2345679012345678.
[I 2025-10-20 08:00:37,350] Trial 48 finished with value: 1.0909090909090908 and parameters: {'w_gbdt': 0.8979487930277867, 'w_lgbm': 0.3872105566000319, 'w_lr': 0.04425387020875743, 'w_xgb': 0.9442365103867125, 'thr': 0.64}. Best is trial 31 with value: 1.2345679012345678.
[I 2025-10-20 08:00:37,364] Trial 49 finished with value: 1.1083333333333334 and parameters: {'w_gbdt': 0.9927104968137395, 'w_lgbm': 0.5234671555512052, 'w_lr': 0.10918211058880292, 'w_xgb': 0.9270920085252686, 'thr': 0.62}. Best is trial 31 with value: 1.2345679012345678.
[I 2025-10-20 08:00:37,379] Trial 50 finished with value: 1.1111111111111112 and parameters: {'w_gbdt': 0.6432243114597375, 'w_lgbm': 0.2662239917596259, 'w_lr': 0.821252797375982, 'w_xgb': 0.05102104246617262, 'thr': 0.66}. Best is trial 31 with value: 1.2345679012345678.
[I 2025-10-20 08:00:37,394] Trial 51 finished with value: 1.2133333333333334 and parameters: {'w_gbdt': 0.5451360221018844, 'w_lgbm': 0.5784138155801754, 'w_lr': 0.1770425120601594, 'w_xgb': 0.8550486392545296, 'thr': 0.6799999999999999}. Best is trial 31 with value: 1.2345679012345678.
[I 2025-10-20 08:00:37,406] Trial 52 finished with value: 1.2105263157894737 and parameters: {'w_gbdt': 0.5235433583818537, 'w_lgbm': 0.5769137120668776, 'w_lr': 0.15802841431004047, 'w_xgb': 0.8590022854422324, 'thr': 0.6799999999999999}. Best is trial 31 with value: 1.2345679012345678.
[I 2025-10-20 08:00:37,418] Trial 53 finished with value: 1.2105263157894737 and parameters: {'w_gbdt': 0.5318726707832595, 'w_lgbm': 0.5845951005097431, 'w_lr': 0.15479092094126867, 'w_xgb': 0.8640013470028798, 'thr': 0.6799999999999999}. Best is trial 31 with value: 1.2345679012345678.
[I 2025-10-20 08:00:37,431] Trial 54 finished with value: 1.1770833333333333 and parameters: {'w_gbdt': 0.47159905669111146, 'w_lgbm': 0.5647835817092365, 'w_lr': 0.16838435229337673, 'w_xgb': 0.859067480985471, 'thr': 0.64}. Best is trial 31 with value: 1.2345679012345678.
[I 2025-10-20 08:00:37,444] Trial 55 finished with value: 1.1756756756756757 and parameters: {'w_gbdt': 0.6124309127134474, 'w_lgbm': 0.587728286173577, 'w_lr': 0.18136622475299827, 'w_xgb': 0.8005429007851329, 'thr': 0.6799999999999999}. Best is trial 31 with value: 1.2345679012345678.
[I 2025-10-20 08:00:37,456] Trial 56 finished with value: 1.1428571428571428 and parameters: {'w_gbdt': 0.5165231721884699, 'w_lgbm': 0.4554830442912896, 'w_lr': 0.2843229564608096, 'w_xgb': 0.8337258476117075, 'thr': 0.6799999999999999}. Best is trial 31 with value: 1.2345679012345678.
[I 2025-10-20 08:00:37,469] Trial 57 finished with value: 1.165137614678899 and parameters: {'w_gbdt': 0.44905469946731624, 'w_lgbm': 0.5145253011636793, 'w_lr': 0.04464310889113758, 'w_xgb': 0.7005088611133432, 'thr': 0.64}. Best is trial 31 with value: 1.2345679012345678.
[I 2025-10-20 08:00:37,482] Trial 58 finished with value: 1.1571428571428573 and parameters: {'w_gbdt': 0.532862677339445, 'w_lgbm': 0.6244681029755095, 'w_lr': 0.13611076174353537, 'w_xgb': 0.8786720556975643, 'thr': 0.7}. Best is trial 31 with value: 1.2345679012345678.
